Log file open, 05/13/17 11:26:05
LogInit:Display: Running engine for game: Arcanoid
LogPlatformFile: Not using cached read wrapper
LogInit:Display: RandInit(-1497327358) SRandInit(-1497327357).
LogTaskGraph: Started task graph with 5 named threads and 8 total threads with 1 sets of task threads.
LogStats: Stats thread started at 0.074997
LogInit: Using libcurl 7.47.1
LogInit:  - built for x86_64-pc-win32
LogInit:  - supports SSL with OpenSSL/1.0.2g
LogInit:  - supports HTTP deflate (compression) using libz 1.2.8
LogInit:  - other features:
LogInit:      CURL_VERSION_SSL
LogInit:      CURL_VERSION_LIBZ
LogInit:      CURL_VERSION_IPV6
LogInit:      CURL_VERSION_ASYNCHDNS
LogInit:      CURL_VERSION_LARGEFILE
LogInit:      CURL_VERSION_IDN
LogInit:  CurlRequestOptions (configurable via config and command line):
LogInit:  - bVerifyPeer = false  - Libcurl will NOT verify peer certificate
LogInit:  - bUseHttpProxy = false  - Libcurl will NOT use HTTP proxy
LogInit:  - bDontReuseConnections = false  - Libcurl will reuse connections
LogInit:  - CertBundlePath = nullptr  - Libcurl will use whatever was configured at build time.
LogInit: Build: ++UE4+Release-4.15-CL-3416026
LogInit: Engine Version: 4.15.2-3416026+++UE4+Release-4.15
LogInit: Compatible Engine Version: 4.15.0-3299760+++UE4+Release-4.15
LogInit: Net CL: 3299760
LogDevObjectVersion: Number of dev versions registered: 14
LogDevObjectVersion:   Dev-Blueprints (B0D832E4-1F89-4F0D-ACCF-7EB736FD4AA2): 8
LogDevObjectVersion:   Dev-Build (E1C64328-A22C-4D53-A36C-8E866417BD8C): 0
LogDevObjectVersion:   Dev-Core (375EC13C-06E4-48FB-B500-84F0262A717E): 2
LogDevObjectVersion:   Dev-Editor (E4B068ED-F494-42E9-A231-DA0B2E46BB41): 14
LogDevObjectVersion:   Dev-Framework (CFFC743F-43B0-4480-9391-14DF171D2073): 22
LogDevObjectVersion:   Dev-Mobile (B02B49B5-BB20-44E9-A304-32B752E40360): 0
LogDevObjectVersion:   Dev-Networking (A4E4105C-59A1-49B5-A7C5-40C4547EDFEE): 0
LogDevObjectVersion:   Dev-Online (39C831C9-5AE6-47DC-9A44-9C173E1C8E7C): 0
LogDevObjectVersion:   Dev-Physics (78F01B33-EBEA-4F98-B9B4-84EACCB95AA2): 0
LogDevObjectVersion:   Dev-Platform (6631380F-2D4D-43E0-8009-CF276956A95A): 0
LogDevObjectVersion:   Dev-Rendering (12F88B9F-8875-4AFC-A67C-D90C383ABD29): 12
LogDevObjectVersion:   Dev-Sequencer (7B5AE74C-D270-4C10-A958-57980B212A5A): 3
LogDevObjectVersion:   Dev-VR (D7296918-1DD6-4BDD-9DE2-64A83CC13884): 0
LogDevObjectVersion:   Dev-LoadTimes (C2A15278-BFE7-4AFE-6C17-90FF531DF755): 1
LogInit: Compiled (64-bit): May  1 2017 13:11:28
LogInit: Compiled with Visual C++: 19.00.23026.00
LogInit: Build Configuration: Development
LogInit: Branch Name: ++UE4+Release-4.15
LogInit: Command line: -EpicPortal 
LogInit: Base directory: C:/Program Files/Epic Games/UE_4.15/Engine/Binaries/Win64/
LogInit: Installed Engine Build: 1
LogInit: Presizing for max 8388607 objects, including 0 objects not considered by GC, pre-allocating 0 bytes for permanent pool.
LogInit: Object subsystem initialized
[2017.05.13-08.26.06:020][  0]LogInit: Selected Device Profile: [Windows]
[2017.05.13-08.26.06:020][  0]LogInit: Applying CVar settings loaded from the selected device profile: [Windows]
[2017.05.13-08.26.06:031][  0]LogInit: Computer: DESKTOP-HJQSP11
[2017.05.13-08.26.06:031][  0]LogInit: User: M20Anssi
[2017.05.13-08.26.06:031][  0]LogInit: CPU Page size=65536, Cores=4
[2017.05.13-08.26.06:031][  0]LogInit: High frequency timer resolution =3.125002 MHz
[2017.05.13-08.26.06:031][  0]LogMemory: Memory total: Physical=7.9GB (8GB approx)
[2017.05.13-08.26.06:031][  0]LogMemory: Platform Memory Stats for Windows
[2017.05.13-08.26.06:031][  0]LogMemory: Process Physical Memory: 263.22 MB used, 263.22 MB peak
[2017.05.13-08.26.06:031][  0]LogMemory: Process Virtual Memory: 262.18 MB used, 262.18 MB peak
[2017.05.13-08.26.06:031][  0]LogMemory: Physical Memory: 3798.89 MB used,  4254.51 MB free, 8053.40 MB total
[2017.05.13-08.26.06:031][  0]LogMemory: Virtual Memory: 644.23 MB used,  4254.51 MB free, 134217728.00 MB total
[2017.05.13-08.26.06:106][  0]LogTextLocalizationManager: No translations for ('fi-FI') exist, falling back to 'en' for localization and internationalization data.
[2017.05.13-08.26.06:707][  0]LogD3D11RHI: D3D11 adapters:
[2017.05.13-08.26.06:724][  0]LogD3D11RHI:    0. 'NVIDIA GeForce GTX 960' (Feature Level 11_0)
[2017.05.13-08.26.06:724][  0]LogD3D11RHI:       2016/0/4026 MB DedicatedVideo/DedicatedSystem/SharedSystem, Outputs:1, VendorId:0x10de
[2017.05.13-08.26.06:729][  0]LogD3D11RHI:    1. 'Intel(R) HD Graphics 4600' (Feature Level 11_0)
[2017.05.13-08.26.06:729][  0]LogD3D11RHI:       112/0/2048 MB DedicatedVideo/DedicatedSystem/SharedSystem, Outputs:0, VendorId:0x8086
[2017.05.13-08.26.06:730][  0]LogD3D11RHI:    2. 'Microsoft Basic Render Driver' (Feature Level 11_0)
[2017.05.13-08.26.06:730][  0]LogD3D11RHI:       0/0/4026 MB DedicatedVideo/DedicatedSystem/SharedSystem, Outputs:0, VendorId:0x1414
[2017.05.13-08.26.06:730][  0]LogD3D11RHI: Chosen D3D11 Adapter: 0
[2017.05.13-08.26.06:735][  0]LogD3D11RHI: Creating new Direct3DDevice
[2017.05.13-08.26.06:735][  0]LogD3D11RHI:     GPU DeviceId: 0x1401 (for the marketing name, search the web for "GPU Device Id")
[2017.05.13-08.26.06:735][  0]LogWindows: EnumDisplayDevices:
[2017.05.13-08.26.06:735][  0]LogWindows:    0. 'NVIDIA GeForce GTX 960' (P:1 D:1)
[2017.05.13-08.26.06:735][  0]LogWindows:    1. 'NVIDIA GeForce GTX 960' (P:0 D:0)
[2017.05.13-08.26.06:735][  0]LogWindows:    2. 'NVIDIA GeForce GTX 960' (P:0 D:0)
[2017.05.13-08.26.06:735][  0]LogWindows:    3. 'NVIDIA GeForce GTX 960' (P:0 D:0)
[2017.05.13-08.26.06:735][  0]LogWindows:    4. 'Intel(R) HD Graphics 4600' (P:0 D:0)
[2017.05.13-08.26.06:736][  0]LogWindows:    5. 'Intel(R) HD Graphics 4600' (P:0 D:0)
[2017.05.13-08.26.06:736][  0]LogWindows:    6. 'Intel(R) HD Graphics 4600' (P:0 D:0)
[2017.05.13-08.26.06:736][  0]LogWindows: DebugString: PrimaryIsNotTheChoosenAdapter PrimaryIsNotTheChoosenAdapter PrimaryIsNotTheChoosenAdapter FoundDriverCount:4 
[2017.05.13-08.26.06:736][  0]LogD3D11RHI:     Adapter Name: NVIDIA GeForce GTX 960
[2017.05.13-08.26.06:736][  0]LogD3D11RHI:   Driver Version: 376.53 (internal:21.21.13.7653, unified:376.53)
[2017.05.13-08.26.06:736][  0]LogD3D11RHI:      Driver Date: 12-29-2016
[2017.05.13-08.26.06:736][  0]LogRHI: Texture pool is 1361 MB (70% of 1945 MB)
[2017.05.13-08.26.06:748][  0]LogD3D11RHI: [Aftermath] Aftermath enabled but failed to initialize due to reason: DriverVersionNotSupported
[2017.05.13-08.26.06:748][  0]LogD3D11RHI: Async texture creation enabled
[2017.05.13-08.26.06:759][  0]LogD3D11RHI: GPU Timing Frequency: 1000.000000 (Debug: 2 1)
[2017.05.13-08.26.06:801][  0]LogShaderCompilers: Guid format shader working directory is -19 characters bigger than the processId version (../../../../../../Users/M20-Anssi/Documents/Unreal Projects/Arcanoid/Intermediate/Shaders/WorkingDirectory/10016/).
[2017.05.13-08.26.06:802][  0]LogShaderCompilers: Cleaned the shader compiler working directory 'C:/Users/M20-Anssi/AppData/Local/Temp/UnrealShaderWorkingDir/ED866B2841899D6F94182AA70F32443A/'.
[2017.05.13-08.26.06:802][  0]LogShaderCompilers:Display: Using Local Shader Compiler.
[2017.05.13-08.26.07:812][  0]LogTemp:Display: Loaded TP AllDesktopTargetPlatform
[2017.05.13-08.26.07:862][  0]LogTemp:Display: Loaded TP MacClientTargetPlatform
[2017.05.13-08.26.07:910][  0]LogTemp:Display: Loaded TP MacNoEditorTargetPlatform
[2017.05.13-08.26.07:959][  0]LogTemp:Display: Loaded TP MacServerTargetPlatform
[2017.05.13-08.26.08:012][  0]LogTemp:Display: Loaded TP MacTargetPlatform
[2017.05.13-08.26.08:066][  0]LogTemp:Display: Loaded TP WindowsClientTargetPlatform
[2017.05.13-08.26.08:119][  0]LogTemp:Display: Loaded TP WindowsNoEditorTargetPlatform
[2017.05.13-08.26.08:172][  0]LogTemp:Display: Loaded TP WindowsServerTargetPlatform
[2017.05.13-08.26.08:212][  0]LogTemp:Display: Loaded TP WindowsTargetPlatform
[2017.05.13-08.26.08:260][  0]LogTemp:Display: Loaded TP AndroidTargetPlatform
[2017.05.13-08.26.08:308][  0]LogTemp:Display: Loaded TP Android_ASTCTargetPlatform
[2017.05.13-08.26.08:357][  0]LogTemp:Display: Loaded TP Android_ATCTargetPlatform
[2017.05.13-08.26.08:404][  0]LogTemp:Display: Loaded TP Android_DXTTargetPlatform
[2017.05.13-08.26.08:453][  0]LogTemp:Display: Loaded TP Android_ETC1TargetPlatform
[2017.05.13-08.26.08:500][  0]LogTemp:Display: Loaded TP Android_ETC2TargetPlatform
[2017.05.13-08.26.08:597][  0]LogTemp:Display: Loaded TP Android_MultiTargetPlatform
[2017.05.13-08.26.08:597][  0]LogTemp:Display: Loaded TP Android_PVRTCTargetPlatform
[2017.05.13-08.26.08:629][  0]LogTemp:Display: Loaded TP HTML5TargetPlatform
[2017.05.13-08.26.08:720][  0]LogTemp:Display: Loaded TP IOSTargetPlatform
[2017.05.13-08.26.08:752][  0]LogTemp:Display: Loaded TP TVOSTargetPlatform
[2017.05.13-08.26.08:799][  0]LogTemp:Display: Loaded TP LinuxClientTargetPlatform
[2017.05.13-08.26.08:847][  0]LogTemp:Display: Loaded TP LinuxNoEditorTargetPlatform
[2017.05.13-08.26.08:896][  0]LogTemp:Display: Loaded TP LinuxServerTargetPlatform
[2017.05.13-08.26.08:943][  0]LogTemp:Display: Loaded TP LinuxTargetPlatform
[2017.05.13-08.26.08:943][  0]LogTargetPlatformManager:Display: Building Assets For Windows
[2017.05.13-08.26.09:321][  0]LogDerivedDataCache:Display: Max Cache Size: 512 MB
[2017.05.13-08.26.09:369][  0]LogDerivedDataCache: Loaded boot cache 0.05s 50MB C:/Users/M20-Anssi/AppData/Local/UnrealEngine/4.15/DerivedDataCache/Boot.ddc.
[2017.05.13-08.26.09:369][  0]LogDerivedDataCache:Display: Loaded Boot cache: C:/Users/M20-Anssi/AppData/Local/UnrealEngine/4.15/DerivedDataCache/Boot.ddc
[2017.05.13-08.26.09:370][  0]LogDerivedDataCache: FDerivedDataBackendGraph:  Pak pak cache file ../../../../../../Users/M20-Anssi/Documents/Unreal Projects/Arcanoid/DerivedDataCache/DDC.ddp not found, will not use a pak cache.
[2017.05.13-08.26.09:370][  0]LogDerivedDataCache: Unable to find inner node Pak for hierarchical cache Hierarchy.
[2017.05.13-08.26.09:370][  0]LogDerivedDataCache: FDerivedDataBackendGraph:  CompressedPak pak cache file ../../../../../../Users/M20-Anssi/Documents/Unreal Projects/Arcanoid/DerivedDataCache/Compressed.ddp not found, will not use a pak cache.
[2017.05.13-08.26.09:370][  0]LogDerivedDataCache: Unable to find inner node CompressedPak for hierarchical cache Hierarchy.
[2017.05.13-08.26.09:386][  0]LogDerivedDataCache:Display: Pak cache opened for reading ../../../Engine/DerivedDataCache/Compressed.ddp.
[2017.05.13-08.26.09:399][  0]LogDerivedDataCache: Using Local data cache path C:/Users/M20-Anssi/AppData/Local/UnrealEngine/Common/DerivedDataCache: Writable
[2017.05.13-08.26.09:408][  0]LogSlate: Using Freetype 2.6.0
[2017.05.13-08.26.09:408][  0]LogSlate: SlateFontCache - WITH_FREETYPE: 1, WITH_HARFBUZZ: 1
[2017.05.13-08.26.09:408][  0]LogSlate: SlateFontCache - WITH_FREETYPE: 1, WITH_HARFBUZZ: 1
[2017.05.13-08.26.09:641][  0]LogInit: Selected Device Profile: [Windows]
[2017.05.13-08.26.09:643][  0]LogContentStreaming: Texture pool size is 0.00 MB
[2017.05.13-08.26.09:829][  0]LogMeshUtilities: Using QuadricMeshReduction for automatic static mesh reduction
[2017.05.13-08.26.09:865][  0]LogSimplygon: Simplygon DLL not present - disabling.
[2017.05.13-08.26.09:904][  0]LogMeshUtilities: Using SimplygonSwarm for distributed automatic mesh merging
[2017.05.13-08.26.09:904][  0]LogMeshUtilities: No automatic skeletal mesh reduction module available
[2017.05.13-08.26.09:904][  0]LogMeshUtilities: No automatic mesh merging module available
[2017.05.13-08.26.10:384][  0]LogNetVersion: GetLocalNetworkVersion: CL: 3299760, ProjectName: arcanoid, ProjectVersion: , EngineNetworkVersion: 2, GameNetworkVersion: 0, NetworkChecksum: 4037528799
[2017.05.13-08.26.10:427][  0]LogAssetRegistry: FAssetRegistry took 0.0217 seconds to start up
[2017.05.13-08.26.10:458][  0]LogPackageLocalizationCache: Processed 3 localized package path(s) for 1 prioritized culture(s) in 0.012614 seconds
[2017.05.13-08.26.10:463][  0]LogUObjectArray: 32493 objects as part of root set at end of initial load.
[2017.05.13-08.26.10:463][  0]LogUObjectAllocator: 7077032 out of 0 bytes used by permanent object pool.
[2017.05.13-08.26.10:463][  0]LogUObjectArray: CloseDisregardForGC: 0/0 objects in disregard for GC pool
[2017.05.13-08.26.10:517][  0]LogInit: WinSock: version 1.1 (2.2), MaxSocks=32767, MaxUdp=65467
[2017.05.13-08.26.11:898][  0]LogTcpMessaging: Initializing TcpMessaging bridge
[2017.05.13-08.26.11:934][  0]LogUdpMessaging: Initializing bridge on interface 0.0.0.0:0 to multicast group 230.0.0.1:6666.
[2017.05.13-08.26.12:340][  0]LogMaterial: Uniform references updated for custom material expression Custom.
[2017.05.13-08.26.12:664][  0]SourceControl: Info Source control is disabled
[2017.05.13-08.26.12:664][  0]SourceControl: Info Source control is disabled
[2017.05.13-08.26.12:705][  0]SourceControl: Info Source control is disabled
[2017.05.13-08.26.12:743][  0]SourceControl: Info Source control is disabled
[2017.05.13-08.26.13:794][  0]LogEngine: Initializing Engine...
[2017.05.13-08.26.13:794][  0]LogHMD: Failed to initialize OpenVR with code 110
[2017.05.13-08.26.13:898][  0]LogStats: UGameplayTagsManager::ConstructGameplayTagTree: Construct from data asset -  0.000 s
[2017.05.13-08.26.13:898][  0]LogStats: UGameplayTagsManager::ConstructGameplayTagTree: GameplayTagTreeChangedEvent.Broadcast -  0.000 s
[2017.05.13-08.26.14:006][  0]LogAIModule: Creating AISystem for world Untitled
[2017.05.13-08.26.14:017][  0]LogInit: XAudio2 using 'Speakers (Logitech USB Headset)' : 2 channels at 44.1 kHz using 16 bits per sample (channel mask 0x3)
[2017.05.13-08.26.14:033][  0]LogInit: FAudioDevice initialized.
[2017.05.13-08.26.14:057][  0]LogDerivedDataCache: Saved boot cache 0.02s 50MB C:/Users/M20-Anssi/AppData/Local/UnrealEngine/4.15/DerivedDataCache/Boot.ddc.
[2017.05.13-08.26.14:065][  0]LogInit: Texture streaming: Enabled
[2017.05.13-08.26.14:150][  0]LogEngineSessionManager: EngineSessionManager initialized
[2017.05.13-08.26.14:228][  0]LogInit: Transaction tracking system initialized
[2017.05.13-08.26.14:529][  0]BlueprintLog: New page: Editor Load
[2017.05.13-08.26.15:288][  0]LocalizationService: Info Localization service is disabled
[2017.05.13-08.26.15:855][  0]LogConsoleResponse:Display: 
[2017.05.13-08.26.15:967][  0]LogCook:Display: Max memory allowance for cook 16384mb min free memory 0mb
[2017.05.13-08.26.15:967][  0]LogCook:Display: Mobile HDR setting 1
[2017.05.13-08.26.16:806][  0]LogFileCache: Scanning file cache for directory 'C:/Users/M20-Anssi/Documents/Unreal Projects/Arcanoid/Content/' took 0.01s
[2017.05.13-08.26.16:844][  0]SourceControl: Info Source control is disabled
[2017.05.13-08.26.16:844][  0]Cmd: MAP LOAD FILE="../../../../../../Users/M20-Anssi/Documents/Unreal Projects/Arcanoid/Content/StarterContent/Maps/Minimal_Default.umap" TEMPLATE=0 SHOWPROGRESS=1 FEATURELEVEL=3
[2017.05.13-08.26.16:844][  0]LightingResults: New page: Lighting Build
[2017.05.13-08.26.16:879][  0]MapCheck: New page: Map Check
[2017.05.13-08.26.16:879][  0]LightingResults: New page: Lighting Build
[2017.05.13-08.26.17:160][  0]LogAIModule: Creating AISystem for world Minimal_Default
[2017.05.13-08.26.17:184][  0]LogEditorServer: Finished looking for orphan Actors (0.000 secs)
[2017.05.13-08.26.17:184][  0]Cmd: MAP CHECKDEP NOCLEARLOG
[2017.05.13-08.26.17:223][  0]MapCheck: Info Map check complete: 0 Error(s), 0 Warning(s), took 38.498ms to complete.
[2017.05.13-08.26.17:223][  0]LogFileHelpers: Loading map 'Minimal_Default' took 0.378
[2017.05.13-08.26.17:301][  0]LogWindowsTextInputMethodSystem:Display: IME system now deactivated.
[2017.05.13-08.26.17:424][  0]LogCollectionManager: Loaded 1 collections in 0.001726 seconds
[2017.05.13-08.26.17:497][  0]LogFileCache: Scanning file cache for directory 'C:/Users/M20-Anssi/Documents/Unreal Projects/Arcanoid/Saved/Collections/' took 0.01s
[2017.05.13-08.26.17:497][  0]LogFileCache: Scanning file cache for directory 'C:/Users/M20-Anssi/Documents/Unreal Projects/Arcanoid/Content/Developers/M20Anssi/Collections/' took 0.01s
[2017.05.13-08.26.17:497][  0]LogFileCache: Scanning file cache for directory 'C:/Users/M20-Anssi/Documents/Unreal Projects/Arcanoid/Content/Collections/' took 0.01s
[2017.05.13-08.26.17:497][  0]LogCollectionManager: Rebuilt the GUID cache for 1 collections in 0.000003 seconds
[2017.05.13-08.26.17:497][  0]LogCollectionManager: Rebuilt the hierarchy cache for 1 collections in 0.000000 seconds
[2017.05.13-08.26.17:506][  0]LogContentBrowser: Native class hierarchy populated in 0.0084 seconds. Added 2245 classes and 453 folders.
[2017.05.13-08.26.17:562][  0]LogContentBrowser: Native class hierarchy updated for 'WidgetCarousel' in 0.0005 seconds. Added 0 classes and 0 folders.
[2017.05.13-08.26.17:595][  0]LogContentBrowser: Native class hierarchy updated for 'AddContentDialog' in 0.0005 seconds. Added 0 classes and 0 folders.
[2017.05.13-08.26.17:632][  0]LogContentBrowser: Native class hierarchy updated for 'SceneOutliner' in 0.0005 seconds. Added 1 classes and 2 folders.
[2017.05.13-08.26.17:675][  0]LogCrashTracker: Crashtracker disabled due to settings.
[2017.05.13-08.26.17:681][  0]LogUObjectGlobals:Warning: Failed to find object 'Class None.'
[2017.05.13-08.26.17:739][  0]LogContentBrowser: Native class hierarchy updated for 'HierarchicalLODOutliner' in 0.0005 seconds. Added 1 classes and 2 folders.
[2017.05.13-08.26.17:739][  0]LogLoad: (Engine Initialization) Total time: 13.46 seconds
[2017.05.13-08.26.17:739][  0]LogLoad: (Engine Initialization) Total Blueprint compile time: 0.08 seconds
[2017.05.13-08.26.17:739][  0]LogExternalProfiler: Found external profiler: VSPerf
[2017.05.13-08.26.17:739][  0]LogExternalProfiler: Using external profiler: VSPerf
[2017.05.13-08.26.17:751][  0]LogOcInput: OculusInput pre-init called
[2017.05.13-08.26.17:771][  0]LogContentStreaming: Texture pool size now 1000 MB
[2017.05.13-08.26.17:772][  0]LogSlate: Took 0.000194 seconds to synchronously load lazily loaded font '../../../Engine/Content/Slate/Fonts/Roboto-Regular.ttf' (155K)
[2017.05.13-08.26.17:776][  0]LogSlate: Took 0.000222 seconds to synchronously load lazily loaded font '../../../Engine/Content/Slate/Fonts/Roboto-Bold.ttf' (160K)
[2017.05.13-08.26.17:781][  0]LogSlate: Took 0.000251 seconds to synchronously load lazily loaded font '../../../Engine/Content/Editor/Slate/Fonts/FontAwesome.ttf' (139K)
[2017.05.13-08.26.17:888][  0]LogSlate: Took 0.000133 seconds to synchronously load lazily loaded font '../../../Engine/Content/Slate/Fonts/Roboto-Light.ttf' (159K)
[2017.05.13-08.26.17:933][  0]LogRenderer: Reallocating scene render targets to support 1208x576 NumSamples 1 (Frame:2).
[2017.05.13-08.26.17:989][  1]LogAssetRegistry: Asset discovery search completed in 7.5838 seconds
[2017.05.13-08.26.17:989][  1]LogCollectionManager: Rebuilt the object cache for 1 collections in 0.000004 seconds (found 0 objects)
[2017.05.13-08.26.17:989][  1]LogCollectionManager: Fixed up redirectors for 1 collections in 0.000015 seconds (updated 0 objects)
[2017.05.13-08.26.20:757][322]LogSlate: Took 0.000125 seconds to synchronously load lazily loaded font '../../../Engine/Content/Slate/Fonts/Roboto-Light.ttf' (159K)
[2017.05.13-08.26.20:891][322]LogAIModule: Creating AISystem for world ArkanoidMap
[2017.05.13-08.26.20:914][322]Cmd: MAP LOAD FILE="../../../../../../Users/M20-Anssi/Documents/Unreal Projects/Arcanoid/Content/Maps/ArkanoidMap.umap" TEMPLATE=0 SHOWPROGRESS=1 FEATURELEVEL=3
[2017.05.13-08.26.20:914][322]LightingResults: New page: Lighting Build
[2017.05.13-08.26.20:915][322]LoadErrors: New page: Loading map: ArkanoidMap.umap
[2017.05.13-08.26.20:916][322]MapCheck: New page: Map Check
[2017.05.13-08.26.20:916][322]LightingResults: New page: Lighting Build
[2017.05.13-08.26.20:927][322]LogEditorServer: Finished looking for orphan Actors (0.000 secs)
[2017.05.13-08.26.20:953][322]Cmd: MAP CHECKDEP NOCLEARLOG
[2017.05.13-08.26.20:991][322]MapCheck: Info Map check complete: 0 Error(s), 0 Warning(s), took 38.501ms to complete.
[2017.05.13-08.26.20:991][322]LogFileHelpers: Loading map 'ArkanoidMap' took 0.078
[2017.05.13-08.27.41:851][513]LogTemp: Repeting last play command: Selected Viewport
[2017.05.13-08.27.41:866][513]LogBlueprintUserMessages: Early PlayInEditor Detection: Level '/Game/Maps/ArkanoidMap.ArkanoidMap:PersistentLevel' has LevelScriptBlueprint '/Game/Maps/ArkanoidMap.ArkanoidMap:PersistentLevel.ArkanoidMap' with GeneratedClass '/Game/Maps/ArkanoidMap.ArkanoidMap_C' with ClassGeneratedBy '/Game/Maps/ArkanoidMap.ArkanoidMap:PersistentLevel.ArkanoidMap'
[2017.05.13-08.27.41:866][513]LogPlayLevel: PlayLevel: No blueprints needed recompiling
[2017.05.13-08.27.41:866][513]PIE: New page: PIE session: ArkanoidMap (May 13, 2017, 2:27:41 PM)
[2017.05.13-08.27.41:866][513]LogPlayLevel: Creating play world package: /Game/Maps/UEDPIE_0_ArkanoidMap
[2017.05.13-08.27.41:868][513]LogPlayLevel: PIE: StaticDuplicateObject took: (0.001848s)
[2017.05.13-08.27.41:869][513]LogAIModule: Creating AISystem for world ArkanoidMap
[2017.05.13-08.27.41:869][513]LogPlayLevel: PIE: World Init took: (0.000601s)
[2017.05.13-08.27.41:869][513]LogPlayLevel: PIE: Created PIE world by copying editor world from /Game/Maps/ArkanoidMap.ArkanoidMap to /Game/Maps/UEDPIE_0_ArkanoidMap.ArkanoidMap (0.002694s)
[2017.05.13-08.27.41:885][513]LogInit: XAudio2 using 'Speakers (Logitech USB Headset)' : 2 channels at 44.1 kHz using 16 bits per sample (channel mask 0x3)
[2017.05.13-08.27.41:890][513]LogInit: FAudioDevice initialized.
[2017.05.13-08.27.41:936][513]LogLoad: Game class is 'GameModeBase'
[2017.05.13-08.27.41:938][513]LogWorld: Bringing World /Game/Maps/UEDPIE_0_ArkanoidMap.ArkanoidMap up for play (max tick rate 0) at 2017.05.13-11.27.41
[2017.05.13-08.27.41:939][513]LogWorld: Bringing up level for play took: 0.001171
[2017.05.13-08.27.41:976][513]LogContentBrowser: Native class hierarchy updated for 'MovieSceneCapture' in 0.0006 seconds. Added 11 classes and 0 folders.
[2017.05.13-08.27.41:979][513]LogSpawn:Warning: SpawnActor failed because of collision at the spawn location [X=58.565 Y=0.000 Z=132.005] for [BreakableBox_C]
[2017.05.13-08.27.41:979][513]LogSpawn:Warning: SpawnActor failed because of collision at the spawn location [X=119.375 Y=0.000 Z=154.149] for [BreakableBox_C]
[2017.05.13-08.27.41:980][513]LogSpawn:Warning: SpawnActor failed because of collision at the spawn location [X=-143.290 Y=0.000 Z=106.516] for [BreakableBox_C]
[2017.05.13-08.27.41:981][513]LogSpawn:Warning: SpawnActor failed because of collision at the spawn location [X=-46.806 Y=0.000 Z=128.484] for [BreakableBox_C]
[2017.05.13-08.27.41:981][513]PIE: Info Play in editor start time for /Game/Maps/UEDPIE_0_ArkanoidMap -0.056
[2017.05.13-08.27.41:982][513]LogBlueprintUserMessages: Late PlayInEditor Detection: Level '/Game/Maps/ArkanoidMap.ArkanoidMap:PersistentLevel' has LevelScriptBlueprint '/Game/Maps/ArkanoidMap.ArkanoidMap:PersistentLevel.ArkanoidMap' with GeneratedClass '/Game/Maps/ArkanoidMap.ArkanoidMap_C' with ClassGeneratedBy '/Game/Maps/ArkanoidMap.ArkanoidMap:PersistentLevel.ArkanoidMap'
[2017.05.13-08.27.45:105][885]LogSpawn:Warning: SpawnActor failed because of collision at the spawn location [X=160.419 Y=0.000 Z=62.100] for [BreakableBox_C]
[2017.05.13-08.27.45:106][885]LogSpawn:Warning: SpawnActor failed because of collision at the spawn location [X=-94.963 Y=0.000 Z=59.888] for [BreakableBox_C]
[2017.05.13-08.27.45:107][885]LogSpawn:Warning: SpawnActor failed because of collision at the spawn location [X=-188.598 Y=0.000 Z=164.179] for [BreakableBox_C]
[2017.05.13-08.27.45:107][885]LogSpawn:Warning: SpawnActor failed because of collision at the spawn location [X=59.623 Y=0.000 Z=115.202] for [BreakableBox_C]
[2017.05.13-08.27.45:107][885]LogSpawn:Warning: SpawnActor failed because of collision at the spawn location [X=61.538 Y=0.000 Z=163.759] for [BreakableBox_C]
[2017.05.13-08.27.45:107][885]LogSpawn:Warning: SpawnActor failed because of collision at the spawn location [X=17.895 Y=0.000 Z=114.870] for [BreakableBox_C]
[2017.05.13-08.27.45:639][949]LogSpawn:Warning: SpawnActor failed because of collision at the spawn location [X=-67.740 Y=0.000 Z=145.716] for [BreakableBox_C]
[2017.05.13-08.27.45:639][949]LogSpawn:Warning: SpawnActor failed because of collision at the spawn location [X=-73.188 Y=0.000 Z=44.531] for [BreakableBox_C]
[2017.05.13-08.27.45:640][949]LogSpawn:Warning: SpawnActor failed because of collision at the spawn location [X=189.431 Y=0.000 Z=107.541] for [BreakableBox_C]
[2017.05.13-08.27.45:640][949]LogSpawn:Warning: SpawnActor failed because of collision at the spawn location [X=9.708 Y=0.000 Z=182.499] for [BreakableBox_C]
[2017.05.13-08.27.45:640][949]LogSpawn:Warning: SpawnActor failed because of collision at the spawn location [X=124.589 Y=0.000 Z=105.705] for [BreakableBox_C]
[2017.05.13-08.27.45:640][949]LogSpawn:Warning: SpawnActor failed because of collision at the spawn location [X=105.632 Y=0.000 Z=103.586] for [BreakableBox_C]
[2017.05.13-08.27.45:641][949]LogSpawn:Warning: SpawnActor failed because of collision at the spawn location [X=-139.430 Y=0.000 Z=138.973] for [BreakableBox_C]
[2017.05.13-08.27.45:641][949]LogSpawn:Warning: SpawnActor failed because of collision at the spawn location [X=-71.040 Y=0.000 Z=50.962] for [BreakableBox_C]
[2017.05.13-08.27.45:641][949]LogSpawn:Warning: SpawnActor failed because of collision at the spawn location [X=-139.088 Y=0.000 Z=71.158] for [BreakableBox_C]
[2017.05.13-08.27.45:642][949]LogSpawn:Warning: SpawnActor failed because of collision at the spawn location [X=165.057 Y=0.000 Z=134.827] for [BreakableBox_C]
[2017.05.13-08.27.45:642][949]LogSpawn:Warning: SpawnActor failed because of collision at the spawn location [X=143.734 Y=0.000 Z=148.797] for [BreakableBox_C]
[2017.05.13-08.27.45:642][949]LogSpawn:Warning: SpawnActor failed because of collision at the spawn location [X=-143.103 Y=0.000 Z=97.267] for [BreakableBox_C]
[2017.05.13-08.27.45:642][949]LogSpawn:Warning: SpawnActor failed because of collision at the spawn location [X=-141.220 Y=0.000 Z=116.829] for [BreakableBox_C]
[2017.05.13-08.27.45:643][949]LogSpawn:Warning: SpawnActor failed because of collision at the spawn location [X=-43.974 Y=0.000 Z=109.240] for [BreakableBox_C]
[2017.05.13-08.27.45:643][949]LogSpawn:Warning: SpawnActor failed because of collision at the spawn location [X=105.756 Y=0.000 Z=155.458] for [BreakableBox_C]
[2017.05.13-08.27.48:266][264]LogBlueprintUserMessages: Early EndPlayMap Detection: Level '/Game/Maps/ArkanoidMap.ArkanoidMap:PersistentLevel' has LevelScriptBlueprint '/Game/Maps/ArkanoidMap.ArkanoidMap:PersistentLevel.ArkanoidMap' with GeneratedClass '/Game/Maps/ArkanoidMap.ArkanoidMap_C' with ClassGeneratedBy '/Game/Maps/ArkanoidMap.ArkanoidMap:PersistentLevel.ArkanoidMap'
[2017.05.13-08.27.48:302][264]LogBlueprintUserMessages: Late EndPlayMap Detection: Level '/Game/Maps/ArkanoidMap.ArkanoidMap:PersistentLevel' has LevelScriptBlueprint '/Game/Maps/ArkanoidMap.ArkanoidMap:PersistentLevel.ArkanoidMap' with GeneratedClass '/Game/Maps/ArkanoidMap.ArkanoidMap_C' with ClassGeneratedBy '/Game/Maps/ArkanoidMap.ArkanoidMap:PersistentLevel.ArkanoidMap'
[2017.05.13-08.28.37:432][919]LogTemp: Repeting last play command: Selected Viewport
[2017.05.13-08.28.37:446][919]LogBlueprintUserMessages: Early PlayInEditor Detection: Level '/Game/Maps/ArkanoidMap.ArkanoidMap:PersistentLevel' has LevelScriptBlueprint '/Game/Maps/ArkanoidMap.ArkanoidMap:PersistentLevel.ArkanoidMap' with GeneratedClass '/Game/Maps/ArkanoidMap.ArkanoidMap_C' with ClassGeneratedBy '/Game/Maps/ArkanoidMap.ArkanoidMap:PersistentLevel.ArkanoidMap'
[2017.05.13-08.28.37:446][919]LogPlayLevel: PlayLevel: No blueprints needed recompiling
[2017.05.13-08.28.37:446][919]PIE: New page: PIE session: ArkanoidMap (May 13, 2017, 2:28:37 PM)
[2017.05.13-08.28.37:446][919]LogPlayLevel: Creating play world package: /Game/Maps/UEDPIE_0_ArkanoidMap
[2017.05.13-08.28.37:448][919]LogPlayLevel: PIE: StaticDuplicateObject took: (0.001907s)
[2017.05.13-08.28.37:449][919]LogAIModule: Creating AISystem for world ArkanoidMap
[2017.05.13-08.28.37:449][919]LogPlayLevel: PIE: World Init took: (0.000697s)
[2017.05.13-08.28.37:449][919]LogPlayLevel: PIE: Created PIE world by copying editor world from /Game/Maps/ArkanoidMap.ArkanoidMap to /Game/Maps/UEDPIE_0_ArkanoidMap.ArkanoidMap (0.002823s)
[2017.05.13-08.28.37:463][919]LogInit: XAudio2 using 'Speakers (Logitech USB Headset)' : 2 channels at 44.1 kHz using 16 bits per sample (channel mask 0x3)
[2017.05.13-08.28.37:468][919]LogInit: FAudioDevice initialized.
[2017.05.13-08.28.37:500][919]LogLoad: Game class is 'GameModeBase'
[2017.05.13-08.28.37:502][919]LogWorld: Bringing World /Game/Maps/UEDPIE_0_ArkanoidMap.ArkanoidMap up for play (max tick rate 0) at 2017.05.13-11.28.37
[2017.05.13-08.28.37:502][919]LogWorld: Bringing up level for play took: 0.001077
[2017.05.13-08.28.37:503][919]LogSpawn:Warning: SpawnActor failed because of collision at the spawn location [X=-9.887 Y=0.000 Z=123.308] for [BreakableBox_C]
[2017.05.13-08.28.37:505][919]LogSpawn:Warning: SpawnActor failed because of collision at the spawn location [X=-124.986 Y=0.000 Z=140.789] for [BreakableBox_C]
[2017.05.13-08.28.37:505][919]LogSpawn:Warning: SpawnActor failed because of collision at the spawn location [X=-146.543 Y=0.000 Z=150.140] for [BreakableBox_C]
[2017.05.13-08.28.37:506][919]LogSpawn:Warning: SpawnActor failed because of collision at the spawn location [X=-139.633 Y=0.000 Z=112.732] for [BreakableBox_C]
[2017.05.13-08.28.37:506][919]LogSpawn:Warning: SpawnActor failed because of collision at the spawn location [X=-156.722 Y=0.000 Z=45.122] for [BreakableBox_C]
[2017.05.13-08.28.37:507][919]LogSpawn:Warning: SpawnActor failed because of collision at the spawn location [X=156.901 Y=0.000 Z=91.598] for [BreakableBox_C]
[2017.05.13-08.28.37:507][919]PIE: Info Play in editor start time for /Game/Maps/UEDPIE_0_ArkanoidMap -0.531
[2017.05.13-08.28.37:507][919]LogBlueprintUserMessages: Late PlayInEditor Detection: Level '/Game/Maps/ArkanoidMap.ArkanoidMap:PersistentLevel' has LevelScriptBlueprint '/Game/Maps/ArkanoidMap.ArkanoidMap:PersistentLevel.ArkanoidMap' with GeneratedClass '/Game/Maps/ArkanoidMap.ArkanoidMap_C' with ClassGeneratedBy '/Game/Maps/ArkanoidMap.ArkanoidMap:PersistentLevel.ArkanoidMap'
[2017.05.13-08.28.41:801][433]LogBlueprintUserMessages: Early EndPlayMap Detection: Level '/Game/Maps/ArkanoidMap.ArkanoidMap:PersistentLevel' has LevelScriptBlueprint '/Game/Maps/ArkanoidMap.ArkanoidMap:PersistentLevel.ArkanoidMap' with GeneratedClass '/Game/Maps/ArkanoidMap.ArkanoidMap_C' with ClassGeneratedBy '/Game/Maps/ArkanoidMap.ArkanoidMap:PersistentLevel.ArkanoidMap'
[2017.05.13-08.28.41:831][433]LogBlueprintUserMessages: Late EndPlayMap Detection: Level '/Game/Maps/ArkanoidMap.ArkanoidMap:PersistentLevel' has LevelScriptBlueprint '/Game/Maps/ArkanoidMap.ArkanoidMap:PersistentLevel.ArkanoidMap' with GeneratedClass '/Game/Maps/ArkanoidMap.ArkanoidMap_C' with ClassGeneratedBy '/Game/Maps/ArkanoidMap.ArkanoidMap:PersistentLevel.ArkanoidMap'
[2017.05.13-08.28.53:838][ 14]LogTemp: Repeting last play command: Selected Viewport
[2017.05.13-08.28.53:852][ 14]LogBlueprintUserMessages: Early PlayInEditor Detection: Level '/Game/Maps/ArkanoidMap.ArkanoidMap:PersistentLevel' has LevelScriptBlueprint '/Game/Maps/ArkanoidMap.ArkanoidMap:PersistentLevel.ArkanoidMap' with GeneratedClass '/Game/Maps/ArkanoidMap.ArkanoidMap_C' with ClassGeneratedBy '/Game/Maps/ArkanoidMap.ArkanoidMap:PersistentLevel.ArkanoidMap'
[2017.05.13-08.28.53:852][ 14]LogPlayLevel: PlayLevel: No blueprints needed recompiling
[2017.05.13-08.28.53:852][ 14]PIE: New page: PIE session: ArkanoidMap (May 13, 2017, 2:28:53 PM)
[2017.05.13-08.28.53:852][ 14]LogPlayLevel: Creating play world package: /Game/Maps/UEDPIE_0_ArkanoidMap
[2017.05.13-08.28.53:854][ 14]LogPlayLevel: PIE: StaticDuplicateObject took: (0.001553s)
[2017.05.13-08.28.53:854][ 14]LogAIModule: Creating AISystem for world ArkanoidMap
[2017.05.13-08.28.53:854][ 14]LogPlayLevel: PIE: World Init took: (0.000498s)
[2017.05.13-08.28.53:855][ 14]LogPlayLevel: PIE: Created PIE world by copying editor world from /Game/Maps/ArkanoidMap.ArkanoidMap to /Game/Maps/UEDPIE_0_ArkanoidMap.ArkanoidMap (0.002197s)
[2017.05.13-08.28.53:868][ 14]LogInit: XAudio2 using 'Speakers (Logitech USB Headset)' : 2 channels at 44.1 kHz using 16 bits per sample (channel mask 0x3)
[2017.05.13-08.28.53:874][ 14]LogInit: FAudioDevice initialized.
[2017.05.13-08.28.53:902][ 14]LogLoad: Game class is 'GameModeBase'
[2017.05.13-08.28.53:903][ 14]LogWorld: Bringing World /Game/Maps/UEDPIE_0_ArkanoidMap.ArkanoidMap up for play (max tick rate 0) at 2017.05.13-11.28.53
[2017.05.13-08.28.53:903][ 14]LogWorld: Bringing up level for play took: 0.000999
[2017.05.13-08.28.53:906][ 14]LogSpawn:Warning: SpawnActor failed because of collision at the spawn location [X=85.507 Y=0.000 Z=61.304] for [BreakableBox_C]
[2017.05.13-08.28.53:907][ 14]LogSpawn:Warning: SpawnActor failed because of collision at the spawn location [X=-97.624 Y=0.000 Z=48.955] for [BreakableBox_C]
[2017.05.13-08.28.53:908][ 14]LogSpawn:Warning: SpawnActor failed because of collision at the spawn location [X=102.270 Y=0.000 Z=148.944] for [BreakableBox_C]
[2017.05.13-08.28.53:908][ 14]LogSpawn:Warning: SpawnActor failed because of collision at the spawn location [X=15.498 Y=0.000 Z=109.944] for [BreakableBox_C]
[2017.05.13-08.28.53:908][ 14]LogSpawn:Warning: SpawnActor failed because of collision at the spawn location [X=-89.437 Y=0.000 Z=97.546] for [BreakableBox_C]
[2017.05.13-08.28.53:908][ 14]PIE: Info Play in editor start time for /Game/Maps/UEDPIE_0_ArkanoidMap -0.129
[2017.05.13-08.28.53:909][ 14]LogBlueprintUserMessages: Late PlayInEditor Detection: Level '/Game/Maps/ArkanoidMap.ArkanoidMap:PersistentLevel' has LevelScriptBlueprint '/Game/Maps/ArkanoidMap.ArkanoidMap:PersistentLevel.ArkanoidMap' with GeneratedClass '/Game/Maps/ArkanoidMap.ArkanoidMap_C' with ClassGeneratedBy '/Game/Maps/ArkanoidMap.ArkanoidMap:PersistentLevel.ArkanoidMap'
[2017.05.13-08.29.16:598][724]LogSpawn:Warning: SpawnActor failed because of collision at the spawn location [X=-79.087 Y=0.000 Z=83.048] for [BreakableBox_C]
[2017.05.13-08.29.16:600][724]LogSpawn:Warning: SpawnActor failed because of collision at the spawn location [X=216.093 Y=0.000 Z=160.795] for [BreakableBox_C]
[2017.05.13-08.29.16:600][724]LogSpawn:Warning: SpawnActor failed because of collision at the spawn location [X=-53.359 Y=0.000 Z=180.722] for [BreakableBox_C]
[2017.05.13-08.30.04:047][416]LogSpawn:Warning: SpawnActor failed because of collision at the spawn location [X=205.633 Y=0.000 Z=195.107] for [BreakableBox_C]
[2017.05.13-08.30.04:048][416]LogSpawn:Warning: SpawnActor failed because of collision at the spawn location [X=-90.605 Y=0.000 Z=102.590] for [BreakableBox_C]
[2017.05.13-08.30.04:049][416]LogSpawn:Warning: SpawnActor failed because of collision at the spawn location [X=-128.815 Y=0.000 Z=176.840] for [BreakableBox_C]
[2017.05.13-08.30.04:050][416]LogSpawn:Warning: SpawnActor failed because of collision at the spawn location [X=-247.541 Y=0.000 Z=162.733] for [BreakableBox_C]
[2017.05.13-08.30.04:583][480]LogSpawn:Warning: SpawnActor failed because of collision at the spawn location [X=168.450 Y=0.000 Z=73.966] for [BreakableBox_C]
[2017.05.13-08.30.04:584][480]LogSpawn:Warning: SpawnActor failed because of collision at the spawn location [X=-62.059 Y=0.000 Z=187.187] for [BreakableBox_C]
[2017.05.13-08.30.04:584][480]LogSpawn:Warning: SpawnActor failed because of collision at the spawn location [X=96.542 Y=0.000 Z=85.368] for [BreakableBox_C]
[2017.05.13-08.30.04:584][480]LogSpawn:Warning: SpawnActor failed because of collision at the spawn location [X=155.796 Y=0.000 Z=107.839] for [BreakableBox_C]
[2017.05.13-08.30.04:585][480]LogSpawn:Warning: SpawnActor failed because of collision at the spawn location [X=-48.565 Y=0.000 Z=78.170] for [BreakableBox_C]
[2017.05.13-08.30.04:585][480]LogSpawn:Warning: SpawnActor failed because of collision at the spawn location [X=-9.498 Y=0.000 Z=80.817] for [BreakableBox_C]
[2017.05.13-08.30.06:770][742]LogBlueprintUserMessages: Early EndPlayMap Detection: Level '/Game/Maps/ArkanoidMap.ArkanoidMap:PersistentLevel' has LevelScriptBlueprint '/Game/Maps/ArkanoidMap.ArkanoidMap:PersistentLevel.ArkanoidMap' with GeneratedClass '/Game/Maps/ArkanoidMap.ArkanoidMap_C' with ClassGeneratedBy '/Game/Maps/ArkanoidMap.ArkanoidMap:PersistentLevel.ArkanoidMap'
[2017.05.13-08.30.06:801][742]LogBlueprintUserMessages: Late EndPlayMap Detection: Level '/Game/Maps/ArkanoidMap.ArkanoidMap:PersistentLevel' has LevelScriptBlueprint '/Game/Maps/ArkanoidMap.ArkanoidMap:PersistentLevel.ArkanoidMap' with GeneratedClass '/Game/Maps/ArkanoidMap.ArkanoidMap_C' with ClassGeneratedBy '/Game/Maps/ArkanoidMap.ArkanoidMap:PersistentLevel.ArkanoidMap'
[2017.05.13-08.30.16:029][ 66]LogTemp: Repeting last play command: Selected Viewport
[2017.05.13-08.30.16:045][ 66]LogBlueprintUserMessages: Early PlayInEditor Detection: Level '/Game/Maps/ArkanoidMap.ArkanoidMap:PersistentLevel' has LevelScriptBlueprint '/Game/Maps/ArkanoidMap.ArkanoidMap:PersistentLevel.ArkanoidMap' with GeneratedClass '/Game/Maps/ArkanoidMap.ArkanoidMap_C' with ClassGeneratedBy '/Game/Maps/ArkanoidMap.ArkanoidMap:PersistentLevel.ArkanoidMap'
[2017.05.13-08.30.16:045][ 66]LogPlayLevel: PlayLevel: No blueprints needed recompiling
[2017.05.13-08.30.16:045][ 66]PIE: New page: PIE session: ArkanoidMap (May 13, 2017, 2:30:16 PM)
[2017.05.13-08.30.16:045][ 66]LogPlayLevel: Creating play world package: /Game/Maps/UEDPIE_0_ArkanoidMap
[2017.05.13-08.30.16:047][ 66]LogPlayLevel: PIE: StaticDuplicateObject took: (0.001912s)
[2017.05.13-08.30.16:047][ 66]LogAIModule: Creating AISystem for world ArkanoidMap
[2017.05.13-08.30.16:048][ 66]LogPlayLevel: PIE: World Init took: (0.000611s)
[2017.05.13-08.30.16:048][ 66]LogPlayLevel: PIE: Created PIE world by copying editor world from /Game/Maps/ArkanoidMap.ArkanoidMap to /Game/Maps/UEDPIE_0_ArkanoidMap.ArkanoidMap (0.003037s)
[2017.05.13-08.30.16:063][ 66]LogInit: XAudio2 using 'Speakers (Logitech USB Headset)' : 2 channels at 44.1 kHz using 16 bits per sample (channel mask 0x3)
[2017.05.13-08.30.16:069][ 66]LogInit: FAudioDevice initialized.
[2017.05.13-08.30.16:101][ 66]LogLoad: Game class is 'GameModeBase'
[2017.05.13-08.30.16:102][ 66]LogWorld: Bringing World /Game/Maps/UEDPIE_0_ArkanoidMap.ArkanoidMap up for play (max tick rate 0) at 2017.05.13-11.30.16
[2017.05.13-08.30.16:103][ 66]LogWorld: Bringing up level for play took: 0.001114
[2017.05.13-08.30.16:104][ 66]LogSpawn:Warning: SpawnActor failed because of collision at the spawn location [X=-4.642 Y=0.000 Z=102.126] for [BreakableBox_C]
[2017.05.13-08.30.16:106][ 66]LogSpawn:Warning: SpawnActor failed because of collision at the spawn location [X=202.723 Y=0.000 Z=134.793] for [BreakableBox_C]
[2017.05.13-08.30.16:106][ 66]LogSpawn:Warning: SpawnActor failed because of collision at the spawn location [X=-106.963 Y=0.000 Z=153.710] for [BreakableBox_C]
[2017.05.13-08.30.16:107][ 66]LogSpawn:Warning: SpawnActor failed because of collision at the spawn location [X=-228.350 Y=0.000 Z=139.539] for [BreakableBox_C]
[2017.05.13-08.30.16:107][ 66]PIE: Info Play in editor start time for /Game/Maps/UEDPIE_0_ArkanoidMap 0.069
[2017.05.13-08.30.16:108][ 66]LogBlueprintUserMessages: Late PlayInEditor Detection: Level '/Game/Maps/ArkanoidMap.ArkanoidMap:PersistentLevel' has LevelScriptBlueprint '/Game/Maps/ArkanoidMap.ArkanoidMap:PersistentLevel.ArkanoidMap' with GeneratedClass '/Game/Maps/ArkanoidMap.ArkanoidMap_C' with ClassGeneratedBy '/Game/Maps/ArkanoidMap.ArkanoidMap:PersistentLevel.ArkanoidMap'
[2017.05.13-08.31.05:803][  7]LogBlueprintUserMessages: Early EndPlayMap Detection: Level '/Game/Maps/ArkanoidMap.ArkanoidMap:PersistentLevel' has LevelScriptBlueprint '/Game/Maps/ArkanoidMap.ArkanoidMap:PersistentLevel.ArkanoidMap' with GeneratedClass '/Game/Maps/ArkanoidMap.ArkanoidMap_C' with ClassGeneratedBy '/Game/Maps/ArkanoidMap.ArkanoidMap:PersistentLevel.ArkanoidMap'
[2017.05.13-08.31.05:836][  7]LogBlueprintUserMessages: Late EndPlayMap Detection: Level '/Game/Maps/ArkanoidMap.ArkanoidMap:PersistentLevel' has LevelScriptBlueprint '/Game/Maps/ArkanoidMap.ArkanoidMap:PersistentLevel.ArkanoidMap' with GeneratedClass '/Game/Maps/ArkanoidMap.ArkanoidMap_C' with ClassGeneratedBy '/Game/Maps/ArkanoidMap.ArkanoidMap:PersistentLevel.ArkanoidMap'
[2017.05.13-08.31.17:134][230]LogTemp: Repeting last play command: Selected Viewport
[2017.05.13-08.31.17:149][230]LogBlueprintUserMessages: Early PlayInEditor Detection: Level '/Game/Maps/ArkanoidMap.ArkanoidMap:PersistentLevel' has LevelScriptBlueprint '/Game/Maps/ArkanoidMap.ArkanoidMap:PersistentLevel.ArkanoidMap' with GeneratedClass '/Game/Maps/ArkanoidMap.ArkanoidMap_C' with ClassGeneratedBy '/Game/Maps/ArkanoidMap.ArkanoidMap:PersistentLevel.ArkanoidMap'
[2017.05.13-08.31.17:149][230]LogPlayLevel: PlayLevel: No blueprints needed recompiling
[2017.05.13-08.31.17:149][230]PIE: New page: PIE session: ArkanoidMap (May 13, 2017, 2:31:17 PM)
[2017.05.13-08.31.17:149][230]LogPlayLevel: Creating play world package: /Game/Maps/UEDPIE_0_ArkanoidMap
[2017.05.13-08.31.17:151][230]LogPlayLevel: PIE: StaticDuplicateObject took: (0.002017s)
[2017.05.13-08.31.17:152][230]LogAIModule: Creating AISystem for world ArkanoidMap
[2017.05.13-08.31.17:152][230]LogPlayLevel: PIE: World Init took: (0.000700s)
[2017.05.13-08.31.17:152][230]LogPlayLevel: PIE: Created PIE world by copying editor world from /Game/Maps/ArkanoidMap.ArkanoidMap to /Game/Maps/UEDPIE_0_ArkanoidMap.ArkanoidMap (0.002893s)
[2017.05.13-08.31.17:166][230]LogInit: XAudio2 using 'Speakers (Logitech USB Headset)' : 2 channels at 44.1 kHz using 16 bits per sample (channel mask 0x3)
[2017.05.13-08.31.17:173][230]LogInit: FAudioDevice initialized.
[2017.05.13-08.31.17:204][230]LogLoad: Game class is 'GameModeBase'
[2017.05.13-08.31.17:205][230]LogWorld: Bringing World /Game/Maps/UEDPIE_0_ArkanoidMap.ArkanoidMap up for play (max tick rate 0) at 2017.05.13-11.31.17
[2017.05.13-08.31.17:206][230]LogWorld: Bringing up level for play took: 0.001020
[2017.05.13-08.31.17:208][230]LogSpawn:Warning: SpawnActor failed because of collision at the spawn location [X=-94.418 Y=0.000 Z=59.420] for [BreakableBox_C]
[2017.05.13-08.31.17:209][230]LogSpawn:Warning: SpawnActor failed because of collision at the spawn location [X=-129.282 Y=0.000 Z=107.360] for [BreakableBox_C]
[2017.05.13-08.31.17:210][230]LogSpawn:Warning: SpawnActor failed because of collision at the spawn location [X=11.794 Y=0.000 Z=102.263] for [BreakableBox_C]
[2017.05.13-08.31.17:210][230]LogSpawn:Warning: SpawnActor failed because of collision at the spawn location [X=-113.640 Y=0.000 Z=78.190] for [BreakableBox_C]
[2017.05.13-08.31.17:210][230]PIE: Info Play in editor start time for /Game/Maps/UEDPIE_0_ArkanoidMap -0.828
[2017.05.13-08.31.17:211][230]LogBlueprintUserMessages: Late PlayInEditor Detection: Level '/Game/Maps/ArkanoidMap.ArkanoidMap:PersistentLevel' has LevelScriptBlueprint '/Game/Maps/ArkanoidMap.ArkanoidMap:PersistentLevel.ArkanoidMap' with GeneratedClass '/Game/Maps/ArkanoidMap.ArkanoidMap_C' with ClassGeneratedBy '/Game/Maps/ArkanoidMap.ArkanoidMap:PersistentLevel.ArkanoidMap'
[2017.05.13-08.31.22:195][817]LogSpawn:Warning: SpawnActor failed because of collision at the spawn location [X=175.485 Y=0.000 Z=168.144] for [BreakableBox_C]
[2017.05.13-08.31.22:195][817]LogSpawn:Warning: SpawnActor failed because of collision at the spawn location [X=139.967 Y=0.000 Z=142.005] for [BreakableBox_C]
[2017.05.13-08.31.22:197][817]LogSpawn:Warning: SpawnActor failed because of collision at the spawn location [X=-230.653 Y=0.000 Z=157.870] for [BreakableBox_C]
[2017.05.13-08.31.22:197][817]LogSpawn:Warning: SpawnActor failed because of collision at the spawn location [X=219.439 Y=0.000 Z=123.621] for [BreakableBox_C]
[2017.05.13-08.31.22:197][817]LogSpawn:Warning: SpawnActor failed because of collision at the spawn location [X=5.926 Y=0.000 Z=170.766] for [BreakableBox_C]
[2017.05.13-08.31.22:198][817]LogSpawn:Warning: SpawnActor failed because of collision at the spawn location [X=-69.157 Y=0.000 Z=160.018] for [BreakableBox_C]
[2017.05.13-08.31.22:198][817]LogSpawn:Warning: SpawnActor failed because of collision at the spawn location [X=0.292 Y=0.000 Z=179.584] for [BreakableBox_C]
[2017.05.13-08.31.22:199][817]LogSpawn:Warning: SpawnActor failed because of collision at the spawn location [X=82.597 Y=0.000 Z=177.660] for [BreakableBox_C]
[2017.05.13-08.31.58:884][218]LogSpawn:Warning: SpawnActor failed because of collision at the spawn location [X=-193.470 Y=0.000 Z=56.856] for [BreakableBox_C]
[2017.05.13-08.31.58:885][218]LogSpawn:Warning: SpawnActor failed because of collision at the spawn location [X=64.386 Y=0.000 Z=121.863] for [BreakableBox_C]
[2017.05.13-08.31.58:885][218]LogSpawn:Warning: SpawnActor failed because of collision at the spawn location [X=-95.352 Y=0.000 Z=113.772] for [BreakableBox_C]
[2017.05.13-08.31.58:886][218]LogSpawn:Warning: SpawnActor failed because of collision at the spawn location [X=-79.601 Y=0.000 Z=79.601] for [BreakableBox_C]
[2017.05.13-08.31.58:886][218]LogSpawn:Warning: SpawnActor failed because of collision at the spawn location [X=0.276 Y=0.000 Z=158.055] for [BreakableBox_C]
[2017.05.13-08.31.58:887][218]LogSpawn:Warning: SpawnActor failed because of collision at the spawn location [X=14.782 Y=0.000 Z=105.319] for [BreakableBox_C]
[2017.05.13-08.31.59:697][315]LogSpawn:Warning: SpawnActor failed because of collision at the spawn location [X=176.403 Y=0.000 Z=94.640] for [BreakableBox_C]
[2017.05.13-08.31.59:698][315]LogSpawn:Warning: SpawnActor failed because of collision at the spawn location [X=61.382 Y=0.000 Z=82.472] for [BreakableBox_C]
[2017.05.13-08.31.59:698][315]LogSpawn:Warning: SpawnActor failed because of collision at the spawn location [X=224.233 Y=0.000 Z=175.048] for [BreakableBox_C]
[2017.05.13-08.31.59:698][315]LogSpawn:Warning: SpawnActor failed because of collision at the spawn location [X=12.354 Y=0.000 Z=92.736] for [BreakableBox_C]
[2017.05.13-08.31.59:698][315]LogSpawn:Warning: SpawnActor failed because of collision at the spawn location [X=206.988 Y=0.000 Z=171.518] for [BreakableBox_C]
[2017.05.13-08.31.59:699][315]LogSpawn:Warning: SpawnActor failed because of collision at the spawn location [X=28.012 Y=0.000 Z=99.724] for [BreakableBox_C]
[2017.05.13-08.31.59:699][315]LogSpawn:Warning: SpawnActor failed because of collision at the spawn location [X=15.420 Y=0.000 Z=94.552] for [BreakableBox_C]
[2017.05.13-08.31.59:699][315]LogSpawn:Warning: SpawnActor failed because of collision at the spawn location [X=230.085 Y=0.000 Z=135.359] for [BreakableBox_C]
[2017.05.13-08.31.59:699][315]LogSpawn:Warning: SpawnActor failed because of collision at the spawn location [X=129.072 Y=0.000 Z=181.010] for [BreakableBox_C]
[2017.05.13-08.31.59:700][315]LogSpawn:Warning: SpawnActor failed because of collision at the spawn location [X=235.315 Y=0.000 Z=166.815] for [BreakableBox_C]
[2017.05.13-08.31.59:700][315]LogSpawn:Warning: SpawnActor failed because of collision at the spawn location [X=-217.035 Y=0.000 Z=99.357] for [BreakableBox_C]
[2017.05.13-08.31.59:701][315]LogSpawn:Warning: SpawnActor failed because of collision at the spawn location [X=-124.302 Y=0.000 Z=164.784] for [BreakableBox_C]
[2017.05.13-08.31.59:701][315]LogSpawn:Warning: SpawnActor failed because of collision at the spawn location [X=-81.577 Y=0.000 Z=195.264] for [BreakableBox_C]
[2017.05.13-08.32.00:232][379]LogSpawn:Warning: SpawnActor failed because of collision at the spawn location [X=-10.992 Y=0.000 Z=83.878] for [BreakableBox_C]
[2017.05.13-08.32.00:233][379]LogSpawn:Warning: SpawnActor failed because of collision at the spawn location [X=-249.455 Y=0.000 Z=56.197] for [BreakableBox_C]
[2017.05.13-08.32.00:233][379]LogSpawn:Warning: SpawnActor failed because of collision at the spawn location [X=-98.636 Y=0.000 Z=102.228] for [BreakableBox_C]
[2017.05.13-08.32.00:233][379]LogSpawn:Warning: SpawnActor failed because of collision at the spawn location [X=61.662 Y=0.000 Z=58.804] for [BreakableBox_C]
[2017.05.13-08.32.00:234][379]LogSpawn:Warning: SpawnActor failed because of collision at the spawn location [X=-59.958 Y=0.000 Z=104.323] for [BreakableBox_C]
[2017.05.13-08.32.00:234][379]LogSpawn:Warning: SpawnActor failed because of collision at the spawn location [X=73.211 Y=0.000 Z=169.643] for [BreakableBox_C]
[2017.05.13-08.32.00:235][379]LogSpawn:Warning: SpawnActor failed because of collision at the spawn location [X=37.506 Y=0.000 Z=194.140] for [BreakableBox_C]
[2017.05.13-08.32.00:235][379]LogSpawn:Warning: SpawnActor failed because of collision at the spawn location [X=-233.284 Y=0.000 Z=57.125] for [BreakableBox_C]
[2017.05.13-08.32.00:236][379]LogSpawn:Warning: SpawnActor failed because of collision at the spawn location [X=-2.650 Y=0.000 Z=193.564] for [BreakableBox_C]
[2017.05.13-08.32.00:236][379]LogSpawn:Warning: SpawnActor failed because of collision at the spawn location [X=111.453 Y=0.000 Z=97.331] for [BreakableBox_C]
[2017.05.13-08.32.00:237][379]LogSpawn:Warning: SpawnActor failed because of collision at the spawn location [X=46.876 Y=0.000 Z=87.794] for [BreakableBox_C]
[2017.05.13-08.32.00:237][379]LogSpawn:Warning: SpawnActor failed because of collision at the spawn location [X=85.709 Y=0.000 Z=157.108] for [BreakableBox_C]
[2017.05.13-08.32.07:643][268]LogBlueprintUserMessages: Early EndPlayMap Detection: Level '/Game/Maps/ArkanoidMap.ArkanoidMap:PersistentLevel' has LevelScriptBlueprint '/Game/Maps/ArkanoidMap.ArkanoidMap:PersistentLevel.ArkanoidMap' with GeneratedClass '/Game/Maps/ArkanoidMap.ArkanoidMap_C' with ClassGeneratedBy '/Game/Maps/ArkanoidMap.ArkanoidMap:PersistentLevel.ArkanoidMap'
[2017.05.13-08.32.07:673][268]LogBlueprintUserMessages: Late EndPlayMap Detection: Level '/Game/Maps/ArkanoidMap.ArkanoidMap:PersistentLevel' has LevelScriptBlueprint '/Game/Maps/ArkanoidMap.ArkanoidMap:PersistentLevel.ArkanoidMap' with GeneratedClass '/Game/Maps/ArkanoidMap.ArkanoidMap_C' with ClassGeneratedBy '/Game/Maps/ArkanoidMap.ArkanoidMap:PersistentLevel.ArkanoidMap'
[2017.05.13-08.36.30:347][782]LogContentBrowser: Native class hierarchy updated for 'BlueprintGraph' in 0.0008 seconds. Added 112 classes and 0 folders.
[2017.05.13-08.36.30:983][782]LogSlate: Took 0.002842 seconds to synchronously load lazily loaded font '../../../Engine/Content/Slate/Fonts/Roboto-Regular.ttf' (155K)
[2017.05.13-08.36.31:087][782]LogSlate: Took 0.003040 seconds to synchronously load lazily loaded font '../../../Engine/Content/Editor/Slate/Fonts/Roboto-BoldCondensed.ttf' (158K)
[2017.05.13-08.36.31:401][783]LogSlate: Took 0.002872 seconds to synchronously load lazily loaded font '../../../Engine/Content/Editor/Slate/Fonts/Roboto-Italic.ttf' (157K)
[2017.05.13-08.38.28:368][314]LogSlate: Took 0.002828 seconds to synchronously load lazily loaded font '../../../Engine/Content/Slate/Fonts/Roboto-Light.ttf' (159K)
[2017.05.13-08.39.26:025][ 48]LogFileHelpers: Editor autosave (incl. sublevels) for '/Game/Maps/ArkanoidMap' took 0.024
[2017.05.13-08.39.26:027][ 48]OBJ SavePackage: Generating thumbnails for [1] asset(s) in package [/Game/Blueprints/Ball] ([1] browsable assets)...
[2017.05.13-08.39.26:042][ 48]OBJ SavePackage:     Rendered thumbnail for [Blueprint /Game/Blueprints/Ball.Ball]
[2017.05.13-08.39.26:042][ 48]OBJ SavePackage: Finished generating thumbnails for package [/Game/Blueprints/Ball]
[2017.05.13-08.39.26:107][ 48]LogSavePackage: Save=49.25ms
[2017.05.13-08.39.26:107][ 48]LogSavePackage: Moving '../../../../../../Users/M20-Anssi/Documents/Unreal Projects/Arcanoid/Saved/Ball_Auto1EC6697A4402519379A3674B0BB509A74.tmp' to '../../../../../../Users/M20-Anssi/Documents/Unreal Projects/Arcanoid/Saved/Autosaves/Game/Blueprints/Ball_Auto1.uasset'
[2017.05.13-08.39.26:110][ 48]LogSavePackage:Display: Finished SavePackage ../../../../../../Users/M20-Anssi/Documents/Unreal Projects/Arcanoid/Saved/Autosaves/Game/Blueprints/Ball_Auto1.uasset
[2017.05.13-08.39.26:110][ 48]LogFileHelpers: Auto-saving content packages took 0.084
[2017.05.13-08.39.43:128][542]BlueprintLog: New page: Compile PlayerPlatform
[2017.05.13-08.39.43:921][572]Cmd: OBJ SAVEPACKAGE PACKAGE="/Game/Blueprints/PlayerPlatform" FILE="../../../../../../Users/M20-Anssi/Documents/Unreal Projects/Arcanoid/Content/Blueprints/PlayerPlatform.uasset" SILENT=true
[2017.05.13-08.39.43:967][572]LogSavePackage: Save=33.42ms
[2017.05.13-08.39.43:967][572]LogSavePackage: Moving '../../../../../../Users/M20-Anssi/Documents/Unreal Projects/Arcanoid/Saved/PlayerPlatformE77DD2484AB18F1F05BCF4A1819ADA90.tmp' to '../../../../../../Users/M20-Anssi/Documents/Unreal Projects/Arcanoid/Content/Blueprints/PlayerPlatform.uasset'
[2017.05.13-08.39.43:969][572]LogSavePackage:Display: Finished SavePackage ../../../../../../Users/M20-Anssi/Documents/Unreal Projects/Arcanoid/Content/Blueprints/PlayerPlatform.uasset
[2017.05.13-08.46.28:970][846]LogActorComponent: UnregisterComponent: (/Engine/Transient.EditorFloorComp) Not registered. Aborting.
[2017.05.13-08.49.37:929][658]LogSavePackage: Save=116.87ms
[2017.05.13-08.49.37:929][658]LogSavePackage: Moving '../../../../../../Users/M20-Anssi/Documents/Unreal Projects/Arcanoid/Saved/ArkanoidMap_Auto2EDC2CEF549477A22959CA98D4660DE9E.tmp' to '../../../../../../Users/M20-Anssi/Documents/Unreal Projects/Arcanoid/Saved/Autosaves/Game/Maps/ArkanoidMap_Auto2.umap'
[2017.05.13-08.49.37:931][658]LogSavePackage:Display: Finished SavePackage ../../../../../../Users/M20-Anssi/Documents/Unreal Projects/Arcanoid/Saved/Autosaves/Game/Maps/ArkanoidMap_Auto2.umap
[2017.05.13-08.49.37:935][658]LogFileHelpers: Editor autosave (incl. sublevels) for '/Game/Maps/ArkanoidMap' took 0.158
[2017.05.13-08.49.37:935][658]LogFileHelpers: Editor autosave (incl. sublevels) for all levels took 0.158
[2017.05.13-08.49.37:937][658]OBJ SavePackage: Generating thumbnails for [0] asset(s) in package [/Game/Blueprints/Ball] ([1] browsable assets)...
[2017.05.13-08.49.37:937][658]OBJ SavePackage: Finished generating thumbnails for package [/Game/Blueprints/Ball]
[2017.05.13-08.49.37:998][658]LogSavePackage: Save=46.44ms
[2017.05.13-08.49.37:998][658]LogSavePackage: Moving '../../../../../../Users/M20-Anssi/Documents/Unreal Projects/Arcanoid/Saved/Ball_Auto2EE7150C54C5BA283CDB07089074257EA.tmp' to '../../../../../../Users/M20-Anssi/Documents/Unreal Projects/Arcanoid/Saved/Autosaves/Game/Blueprints/Ball_Auto2.uasset'
[2017.05.13-08.49.37:999][658]LogSavePackage:Display: Finished SavePackage ../../../../../../Users/M20-Anssi/Documents/Unreal Projects/Arcanoid/Saved/Autosaves/Game/Blueprints/Ball_Auto2.uasset
[2017.05.13-08.49.37:999][658]LogFileHelpers: Auto-saving content packages took 0.063
[2017.05.13-08.50.12:698][130]LogActorComponent: UnregisterComponent: (/Engine/Transient.EditorFloorComp) Not registered. Aborting.
[2017.05.13-08.50.17:462][497]Cmd: OBJ SAVEPACKAGE PACKAGE="/Game/Blueprints/Ball" FILE="../../../../../../Users/M20-Anssi/Documents/Unreal Projects/Arcanoid/Content/Blueprints/Ball.uasset" SILENT=true
[2017.05.13-08.50.17:512][497]LogSavePackage: Save=40.83ms
[2017.05.13-08.50.17:512][497]LogSavePackage: Moving '../../../../../../Users/M20-Anssi/Documents/Unreal Projects/Arcanoid/Saved/Ball8303795D4396BF4FC358C38B55399C48.tmp' to '../../../../../../Users/M20-Anssi/Documents/Unreal Projects/Arcanoid/Content/Blueprints/Ball.uasset'
[2017.05.13-08.50.17:516][497]LogSavePackage:Display: Finished SavePackage ../../../../../../Users/M20-Anssi/Documents/Unreal Projects/Arcanoid/Content/Blueprints/Ball.uasset
[2017.05.13-08.50.18:491][497]Cmd: OBJ SAVEPACKAGE PACKAGE="/Game/Maps/ArkanoidMap" FILE="../../../../../../Users/M20-Anssi/Documents/Unreal Projects/Arcanoid/Content/Maps/ArkanoidMap.umap" SILENT=true AUTOSAVING=false KEEPDIRTY=false
[2017.05.13-08.50.18:615][497]LogSavePackage: Save=103.91ms
[2017.05.13-08.50.18:615][497]LogSavePackage: Moving '../../../../../../Users/M20-Anssi/Documents/Unreal Projects/Arcanoid/Saved/ArkanoidMapEEAF54074AF3CAC8D32B54BC99710BB9.tmp' to '../../../../../../Users/M20-Anssi/Documents/Unreal Projects/Arcanoid/Content/Maps/ArkanoidMap.umap'
[2017.05.13-08.50.18:619][497]LogSavePackage:Display: Finished SavePackage ../../../../../../Users/M20-Anssi/Documents/Unreal Projects/Arcanoid/Content/Maps/ArkanoidMap.umap
[2017.05.13-08.50.18:644][497]LogFileHelpers: Saving map 'ArkanoidMap' took 1.126
[2017.05.13-08.50.18:713][497]LogWindowsTextInputMethodSystem:Display: IME system now deactivated.
[2017.05.13-08.50.18:889][498]Cmd: QUIT_EDITOR
[2017.05.13-08.50.19:450][498]LogExit: Preparing to exit.
[2017.05.13-08.50.20:485][498]LogDirectoryWatcher: A directory notification for 'C:/Users/M20-Anssi/Documents/Unreal Projects/Arcanoid/Content/' was aborted.
[2017.05.13-08.50.20:522][498]LogExit: Editor shut down
[2017.05.13-08.50.20:523][498]LogExit: Transaction tracking system shut down
[2017.05.13-08.50.20:604][498]LogObj: Freed 0b from 0 cluster array pools.
[2017.05.13-08.50.20:604][498]LogExit: Object subsystem successfully closed.
[2017.05.13-08.50.20:624][498]LogD3D11RHI: Shutdown
[2017.05.13-08.50.20:624][498]LogD3D11RHI: CleanupD3DDevice
[2017.05.13-08.50.20:680][498]LogD3D11RHI: ~FD3D11DynamicRHI
[2017.05.13-08.50.20:691][498]LogModuleManager: Shutting down and abandoning module BlueprintGraph (504)
[2017.05.13-08.50.20:691][498]LogModuleManager: Shutting down and abandoning module BlueprintProfiler (502)
[2017.05.13-08.50.20:691][498]LogModuleManager: Shutting down and abandoning module MovieSceneCapture (500)
[2017.05.13-08.50.20:691][498]LogModuleManager: Shutting down and abandoning module HierarchicalLODOutliner (498)
[2017.05.13-08.50.20:691][498]LogModuleManager: Shutting down and abandoning module CrashTracker (496)
[2017.05.13-08.50.20:691][498]LogModuleManager: Shutting down and abandoning module SceneOutliner (494)
[2017.05.13-08.50.20:691][498]LogModuleManager: Shutting down and abandoning module AddContentDialog (492)
[2017.05.13-08.50.20:691][498]LogDirectoryWatcher: A directory notification for 'C:/Program Files/Epic Games/UE_4.15/FeaturePacks/' was aborted.
[2017.05.13-08.50.20:692][498]LogModuleManager: Shutting down and abandoning module WidgetCarousel (491)
[2017.05.13-08.50.20:692][498]LogModuleManager: Shutting down and abandoning module EditorWidgets (488)
[2017.05.13-08.50.20:692][498]LogModuleManager: Shutting down and abandoning module CollectionManager (486)
[2017.05.13-08.50.20:692][498]LogDirectoryWatcher: A directory notification for 'C:/Users/M20-Anssi/Documents/Unreal Projects/Arcanoid/Content/Collections/' was aborted.
[2017.05.13-08.50.20:692][498]LogDirectoryWatcher: A directory notification for 'C:/Users/M20-Anssi/Documents/Unreal Projects/Arcanoid/Content/Developers/M20Anssi/Collections/' was aborted.
[2017.05.13-08.50.20:692][498]LogDirectoryWatcher: A directory notification for 'C:/Users/M20-Anssi/Documents/Unreal Projects/Arcanoid/Saved/Collections/' was aborted.
[2017.05.13-08.50.20:693][498]LogModuleManager: Shutting down and abandoning module StatsViewer (484)
[2017.05.13-08.50.20:693][498]LogModuleManager: Shutting down and abandoning module FoliageEdit (482)
[2017.05.13-08.50.20:693][498]LogModuleManager: Shutting down and abandoning module LandscapeEditor (480)
[2017.05.13-08.50.20:693][498]LogModuleManager: Shutting down and abandoning module SceneDepthPickerMode (478)
[2017.05.13-08.50.20:693][498]LogModuleManager: Shutting down and abandoning module ActorPickerMode (476)
[2017.05.13-08.50.20:693][498]LogModuleManager: Shutting down and abandoning module GeometryMode (474)
[2017.05.13-08.50.20:693][498]LogModuleManager: Shutting down and abandoning module TextureAlignMode (472)
[2017.05.13-08.50.20:693][498]LogModuleManager: Shutting down and abandoning module BspMode (470)
[2017.05.13-08.50.20:693][498]LogModuleManager: Shutting down and abandoning module HardwareSurvey (468)
[2017.05.13-08.50.20:693][498]LogModuleManager: Shutting down and abandoning module SequenceRecorderSections (466)
[2017.05.13-08.50.20:693][498]LogModuleManager: Shutting down and abandoning module AutomationWorker (464)
[2017.05.13-08.50.20:693][498]LogModuleManager: Shutting down and abandoning module MatineeToLevelSequence (462)
[2017.05.13-08.50.20:693][498]LogModuleManager: Shutting down and abandoning module LevelSequenceEditor (460)
[2017.05.13-08.50.20:693][498]LogModuleManager: Shutting down and abandoning module PlacementMode (459)
[2017.05.13-08.50.20:693][498]LogModuleManager: Shutting down and abandoning module WmfMediaFactory (456)
[2017.05.13-08.50.20:693][498]LogModuleManager: Shutting down and abandoning module WmfMediaEditor (454)
[2017.05.13-08.50.20:693][498]LogModuleManager: Shutting down and abandoning module MfMediaFactory (452)
[2017.05.13-08.50.20:693][498]LogModuleManager: Shutting down and abandoning module MfMediaEditor (450)
[2017.05.13-08.50.20:693][498]LogModuleManager: Shutting down and abandoning module AvfMediaFactory (448)
[2017.05.13-08.50.20:693][498]LogModuleManager: Shutting down and abandoning module AvfMediaEditor (446)
[2017.05.13-08.50.20:693][498]LogModuleManager: Shutting down and abandoning module AndroidMediaFactory (444)
[2017.05.13-08.50.20:693][498]LogModuleManager: Shutting down and abandoning module Media (443)
[2017.05.13-08.50.20:693][498]LogModuleManager: Shutting down and abandoning module AndroidMediaEditor (440)
[2017.05.13-08.50.20:693][498]LogModuleManager: Shutting down and abandoning module CharacterAI (438)
[2017.05.13-08.50.20:693][498]LogModuleManager: Shutting down and abandoning module AudioCapture (436)
[2017.05.13-08.50.20:693][498]LogModuleManager: Shutting down and abandoning module SequenceRecorder (435)
[2017.05.13-08.50.20:693][498]LogModuleManager: Shutting down and abandoning module SmartSnapping (432)
[2017.05.13-08.50.20:693][498]LogModuleManager: Shutting down and abandoning module SessionServices (430)
[2017.05.13-08.50.20:693][498]LogModuleManager: Shutting down and abandoning module ViewportSnapping (428)
[2017.05.13-08.50.20:693][498]LogModuleManager: Shutting down and abandoning module ViewportInteraction (426)
[2017.05.13-08.50.20:693][498]LogModuleManager: Shutting down and abandoning module LogVisualizer (424)
[2017.05.13-08.50.20:693][498]LogModuleManager: Shutting down and abandoning module IntroTutorials (422)
[2017.05.13-08.50.20:693][498]LogModuleManager: Shutting down and abandoning module GameProjectGeneration (421)
[2017.05.13-08.50.20:693][498]LogModuleManager: Shutting down and abandoning module EditorLiveStreaming (418)
[2017.05.13-08.50.20:693][498]LogModuleManager: Shutting down and abandoning module IOSPlatformEditor (416)
[2017.05.13-08.50.20:693][498]LogModuleManager: Shutting down and abandoning module HTML5PlatformEditor (414)
[2017.05.13-08.50.20:693][498]LogModuleManager: Shutting down and abandoning module AndroidPlatformEditor (412)
[2017.05.13-08.50.20:693][498]LogModuleManager: Shutting down and abandoning module AndroidDeviceDetection (411)
[2017.05.13-08.50.21:138][498]LogModuleManager: Shutting down and abandoning module IOSRuntimeSettings (408)
[2017.05.13-08.50.21:138][498]LogModuleManager: Shutting down and abandoning module AndroidRuntimeSettings (406)
[2017.05.13-08.50.21:138][498]LogModuleManager: Shutting down and abandoning module InputBindingEditor (404)
[2017.05.13-08.50.21:138][498]LogModuleManager: Shutting down and abandoning module NiagaraEditor (402)
[2017.05.13-08.50.21:138][498]LogModuleManager: Shutting down and abandoning module MergeActors (400)
[2017.05.13-08.50.21:138][498]LogModuleManager: Shutting down and abandoning module SizeMap (398)
[2017.05.13-08.50.21:138][498]LogModuleManager: Shutting down and abandoning module TreeMap (396)
[2017.05.13-08.50.21:138][498]LogModuleManager: Shutting down and abandoning module ReferenceViewer (394)
[2017.05.13-08.50.21:138][498]LogModuleManager: Shutting down and abandoning module LocalizationDashboard (392)
[2017.05.13-08.50.21:138][498]LogModuleManager: Shutting down and abandoning module LocalizationService (391)
[2017.05.13-08.50.21:138][498]LogModuleManager: Shutting down and abandoning module HardwareTargeting (388)
[2017.05.13-08.50.21:138][498]LogModuleManager: Shutting down and abandoning module DeviceProfileEditor (386)
[2017.05.13-08.50.21:138][498]LogModuleManager: Shutting down and abandoning module UndoHistory (384)
[2017.05.13-08.50.21:138][498]LogModuleManager: Shutting down and abandoning module UserFeedback (382)
[2017.05.13-08.50.21:138][498]LogModuleManager: Shutting down and abandoning module XmlParser (380)
[2017.05.13-08.50.21:138][498]LogModuleManager: Shutting down and abandoning module Blutility (378)
[2017.05.13-08.50.21:138][498]LogModuleManager: Shutting down and abandoning module ProjectSettingsViewer (376)
[2017.05.13-08.50.21:138][498]LogModuleManager: Shutting down and abandoning module ProjectTargetPlatformEditor (375)
[2017.05.13-08.50.21:138][498]LogModuleManager: Shutting down and abandoning module EditorSettingsViewer (372)
[2017.05.13-08.50.21:139][498]LogModuleManager: Shutting down and abandoning module SettingsEditor (370)
[2017.05.13-08.50.21:139][498]LogModuleManager: Shutting down and abandoning module ProjectLauncher (368)
[2017.05.13-08.50.21:139][498]LogModuleManager: Shutting down and abandoning module SessionFrontend (366)
[2017.05.13-08.50.21:139][498]LogModuleManager: Shutting down and abandoning module ProfilerClient (364)
[2017.05.13-08.50.21:139][498]LogModuleManager: Shutting down and abandoning module DeviceManager (362)
[2017.05.13-08.50.21:139][498]LogModuleManager: Shutting down and abandoning module TargetDeviceServices (361)
[2017.05.13-08.50.21:194][498]LogModuleManager: Shutting down and abandoning module AutomationController (358)
[2017.05.13-08.50.21:194][498]LogModuleManager: Shutting down and abandoning module AutomationWindow (356)
[2017.05.13-08.50.21:194][498]LogModuleManager: Shutting down and abandoning module Layers (354)
[2017.05.13-08.50.21:194][498]LogModuleManager: Shutting down and abandoning module ComponentVisualizers (352)
[2017.05.13-08.50.21:194][498]LogModuleManager: Shutting down and abandoning module DetailCustomizations (350)
[2017.05.13-08.50.21:194][498]LogModuleManager: Shutting down and abandoning module PackagesDialog (348)
[2017.05.13-08.50.21:194][498]LogModuleManager: Shutting down and abandoning module Persona (346)
[2017.05.13-08.50.21:194][498]LogModuleManager: Shutting down and abandoning module AnimGraph (345)
[2017.05.13-08.50.21:194][498]LogModuleManager: Shutting down and abandoning module Kismet (342)
[2017.05.13-08.50.21:199][498]LogModuleManager: Shutting down and abandoning module GraphEditor (340)
[2017.05.13-08.50.21:199][498]LogModuleManager: Shutting down and abandoning module ClassViewer (338)
[2017.05.13-08.50.21:199][498]LogModuleManager: Shutting down and abandoning module Toolbox (336)
[2017.05.13-08.50.21:199][498]LogModuleManager: Shutting down and abandoning module ModuleUI (334)
[2017.05.13-08.50.21:199][498]LogModuleManager: Shutting down and abandoning module MovieSceneTools (332)
[2017.05.13-08.50.21:199][498]LogModuleManager: Shutting down and abandoning module OutputLog (330)
[2017.05.13-08.50.21:199][498]LogModuleManager: Shutting down and abandoning module GammaUI (328)
[2017.05.13-08.50.21:199][498]LogModuleManager: Shutting down and abandoning module Documentation (326)
[2017.05.13-08.50.21:199][498]LogModuleManager: Shutting down and abandoning module Niagara (324)
[2017.05.13-08.50.21:199][498]LogModuleManager: Shutting down and abandoning module StreamingPauseRendering (322)
[2017.05.13-08.50.21:199][498]LogModuleManager: Shutting down and abandoning module AnalyticsET (320)
[2017.05.13-08.50.21:199][498]LogModuleManager: Shutting down and abandoning module PortalServices (318)
[2017.05.13-08.50.21:199][498]LogModuleManager: Shutting down and abandoning module PortalRpc (316)
[2017.05.13-08.50.21:199][498]LogModuleManager: Shutting down and abandoning module MessagingRpc (314)
[2017.05.13-08.50.21:199][498]LogModuleManager: Shutting down and abandoning module AIModule (312)
[2017.05.13-08.50.21:199][498]LogModuleManager: Shutting down and abandoning module GameplayDebugger (311)
[2017.05.13-08.50.21:199][498]LogModuleManager: Shutting down and abandoning module AITestSuite (309)
[2017.05.13-08.50.21:199][498]LogModuleManager: Shutting down and abandoning module ProfilerService (306)
[2017.05.13-08.50.21:224][498]LogModuleManager: Shutting down and abandoning module TaskGraph (304)
[2017.05.13-08.50.21:224][498]LogModuleManager: Shutting down and abandoning module SteamVRController (302)
[2017.05.13-08.50.21:224][498]LogModuleManager: Shutting down and abandoning module SteamVR (300)
[2017.05.13-08.50.21:224][498]LogModuleManager: Shutting down and abandoning module ProceduralMeshComponentEditor (298)
[2017.05.13-08.50.21:224][498]LogModuleManager: Shutting down and abandoning module ProceduralMeshComponent (296)
[2017.05.13-08.50.21:224][498]LogModuleManager: Shutting down and abandoning module OculusLibrary (294)
[2017.05.13-08.50.21:224][498]LogModuleManager: Shutting down and abandoning module OculusInput (292)
[2017.05.13-08.50.21:224][498]LogModuleManager: Shutting down and abandoning module MobilePatchingUtils (290)
[2017.05.13-08.50.21:224][498]LogModuleManager: Shutting down and abandoning module CustomMeshComponent (288)
[2017.05.13-08.50.21:224][498]LogModuleManager: Shutting down and abandoning module CableComponent (286)
[2017.05.13-08.50.21:224][498]LogModuleManager: Shutting down and abandoning module ArchVisCharacter (284)
[2017.05.13-08.50.21:224][498]LogModuleManager: Shutting down and abandoning module MediaPlayerEditor (280)
[2017.05.13-08.50.21:224][498]LogModuleManager: Shutting down and abandoning module HTML5Networking (278)
[2017.05.13-08.50.21:224][498]LogModuleManager: Shutting down and abandoning module AlembicImporter (276)
[2017.05.13-08.50.21:224][498]LogModuleManager: Shutting down and abandoning module AlembicLibrary (275)
[2017.05.13-08.50.21:224][498]LogModuleManager: Shutting down and abandoning module GeometryCache (274)
[2017.05.13-08.50.21:224][498]LogModuleManager: Shutting down and abandoning module GeometryCacheEd (273)
[2017.05.13-08.50.21:224][498]LogModuleManager: Shutting down and abandoning module SuperSearchEditor (268)
[2017.05.13-08.50.21:224][498]LogModuleManager: Shutting down and abandoning module SuperSearch (267)
[2017.05.13-08.50.21:224][498]LogModuleManager: Shutting down and abandoning module SpeedTreeImporter (264)
[2017.05.13-08.50.21:224][498]LogModuleManager: Shutting down and abandoning module PluginBrowser (262)
[2017.05.13-08.50.21:224][498]LogModuleManager: Shutting down and abandoning module MobileLauncherProfileWizard (260)
[2017.05.13-08.50.21:224][498]LogModuleManager: Shutting down and abandoning module EpicSurvey (258)
[2017.05.13-08.50.21:224][498]LogModuleManager: Shutting down and abandoning module VisualStudioSourceCodeAccess (256)
[2017.05.13-08.50.21:224][498]LogModuleManager: Shutting down and abandoning module DesktopPlatform (255)
[2017.05.13-08.50.21:224][498]LogModuleManager: Shutting down and abandoning module UObjectPlugin (252)
[2017.05.13-08.50.21:224][498]LogModuleManager: Shutting down and abandoning module SubversionSourceControl (250)
[2017.05.13-08.50.21:224][498]LogModuleManager: Shutting down and abandoning module PerforceSourceControl (248)
[2017.05.13-08.50.21:224][498]LogModuleManager: Shutting down and abandoning module GitSourceControl (246)
[2017.05.13-08.50.21:224][498]LogModuleManager: Shutting down and abandoning module SourceControl (245)
[2017.05.13-08.50.21:224][498]LogModuleManager: Shutting down and abandoning module LightPropagationVolumeEditor (242)
[2017.05.13-08.50.21:224][498]LogModuleManager: Shutting down and abandoning module PaperTiledImporter (240)
[2017.05.13-08.50.21:224][498]LogModuleManager: Shutting down and abandoning module PaperSpriteSheetImporter (238)
[2017.05.13-08.50.21:224][498]LogModuleManager: Shutting down and abandoning module Paper2DEditor (236)
[2017.05.13-08.50.21:224][498]LogModuleManager: Shutting down and abandoning module MeshPaint (235)
[2017.05.13-08.50.21:224][498]LogModuleManager: Shutting down and abandoning module LevelEditor (233)
[2017.05.13-08.50.21:225][498]LogModuleManager: Shutting down and abandoning module PixelInspectorModule (232)
[2017.05.13-08.50.21:225][498]LogModuleManager: Shutting down and abandoning module MainFrame (230)
[2017.05.13-08.50.21:225][498]LogModuleManager: Shutting down and abandoning module HotReload (229)
[2017.05.13-08.50.21:226][498]LogModuleManager: Shutting down and abandoning module ContentBrowser (225)
[2017.05.13-08.50.21:226][498]LogModuleManager: Shutting down and abandoning module PhysXVehiclesEditor (222)
[2017.05.13-08.50.21:226][498]LogModuleManager: Shutting down and abandoning module PhysXVehicles (220)
[2017.05.13-08.50.21:227][498]LogModuleManager: Shutting down and abandoning module LocationServicesBPLibrary (218)
[2017.05.13-08.50.21:227][498]LogModuleManager: Shutting down and abandoning module UdpMessaging (216)
[2017.05.13-08.50.21:327][498]LogModuleManager: Shutting down and abandoning module TcpMessaging (214)
[2017.05.13-08.50.21:427][498]LogModuleManager: Shutting down and abandoning module GameplayTagsEditor (212)
[2017.05.13-08.50.21:427][498]LogModuleManager: Shutting down and abandoning module FacialAnimationEditor (210)
[2017.05.13-08.50.21:427][498]LogModuleManager: Shutting down and abandoning module FacialAnimation (208)
[2017.05.13-08.50.21:427][498]LogModuleManager: Shutting down and abandoning module LightPropagationVolumeRuntime (206)
[2017.05.13-08.50.21:427][498]LogModuleManager: Shutting down and abandoning module Paper2D (204)
[2017.05.13-08.50.21:427][498]LogModuleManager: Shutting down and abandoning module WindowsMoviePlayer (202)
[2017.05.13-08.50.21:427][498]LogModuleManager: Shutting down and abandoning module WmfMedia (200)
[2017.05.13-08.50.21:427][498]LogModuleManager: Shutting down and abandoning module MfMedia (198)
[2017.05.13-08.50.21:427][498]LogModuleManager: Shutting down and abandoning module MediaAssets (196)
[2017.05.13-08.50.21:427][498]LogModuleManager: Shutting down and abandoning module GameLiveStreaming (194)
[2017.05.13-08.50.21:427][498]LogModuleManager: Shutting down and abandoning module VREditor (192)
[2017.05.13-08.50.21:427][498]LogModuleManager: Shutting down and abandoning module GameplayTasksEditor (190)
[2017.05.13-08.50.21:427][498]LogModuleManager: Shutting down and abandoning module BehaviorTreeEditor (188)
[2017.05.13-08.50.21:427][498]LogModuleManager: Shutting down and abandoning module FunctionalTesting (186)
[2017.05.13-08.50.21:427][498]LogModuleManager: Shutting down and abandoning module CollisionAnalyzer (184)
[2017.05.13-08.50.21:427][498]LogModuleManager: Shutting down and abandoning module UMG (182)
[2017.05.13-08.50.21:427][498]LogModuleManager: Shutting down and abandoning module UMGEditor (181)
[2017.05.13-08.50.21:427][498]LogModuleManager: Shutting down and abandoning module Sequencer (180)
[2017.05.13-08.50.21:427][498]LogModuleManager: Shutting down and abandoning module AssetTools (178)
[2017.05.13-08.50.21:427][498]LogModuleManager: Shutting down and abandoning module MessageLog (177)
[2017.05.13-08.50.21:427][498]LogModuleManager: Shutting down and abandoning module WorkspaceMenuStructure (176)
[2017.05.13-08.50.21:427][498]LogModuleManager: Shutting down and abandoning module SlateReflector (170)
[2017.05.13-08.50.21:427][498]LogModuleManager: Shutting down and abandoning module Slate (168)
[2017.05.13-08.50.21:427][498]LogModuleManager: Shutting down and abandoning module EditorStyle (166)
[2017.05.13-08.50.21:429][498]LogModuleManager: Shutting down and abandoning module SourceCodeAccess (164)
[2017.05.13-08.50.21:429][498]LogModuleManager: Shutting down and abandoning module HeadMountedDisplay (162)
[2017.05.13-08.50.21:429][498]LogModuleManager: Shutting down and abandoning module XAudio2 (160)
[2017.05.13-08.50.21:429][498]LogModuleManager: Shutting down and abandoning module Networking (158)
[2017.05.13-08.50.21:429][498]LogModuleManager: Shutting down and abandoning module Core (154)
[2017.05.13-08.50.21:429][498]LogModuleManager: Shutting down and abandoning module AssetRegistry (152)
[2017.05.13-08.50.21:475][498]LogDirectoryWatcher: A directory notification for '../../../Engine/Content/' was aborted.
[2017.05.13-08.50.21:475][498]LogDirectoryWatcher: A directory notification for '../../../../../../Users/M20-Anssi/Documents/Unreal Projects/Arcanoid/Content/' was aborted.
[2017.05.13-08.50.21:475][498]LogDirectoryWatcher: A directory notification for '../../../Engine/Plugins/2D/Paper2D/Content/' was aborted.
[2017.05.13-08.50.21:475][498]LogModuleManager: Shutting down and abandoning module DirectoryWatcher (151)
[2017.05.13-08.50.21:475][498]LogModuleManager: Shutting down and abandoning module KismetCompiler (148)
[2017.05.13-08.50.21:476][498]LogModuleManager: Shutting down and abandoning module PhysXFormats (146)
[2017.05.13-08.50.21:476][498]LogModuleManager: Shutting down and abandoning module MeshUtilities (144)
[2017.05.13-08.50.21:476][498]LogModuleManager: Shutting down and abandoning module SimplygonSwarm (143)
[2017.05.13-08.50.21:476][498]LogModuleManager: Shutting down and abandoning module SimplygonMeshReduction (141)
[2017.05.13-08.50.21:476][498]LogModuleManager: Shutting down and abandoning module QuadricMeshReduction (139)
[2017.05.13-08.50.21:476][498]LogModuleManager: Shutting down and abandoning module PropertyEditor (137)
[2017.05.13-08.50.21:476][498]LogModuleManager: Shutting down and abandoning module DerivedDataCache (134)
[2017.05.13-08.50.21:496][498]LogDerivedDataCache: Shutdown
[2017.05.13-08.50.21:496][498]LogModuleManager: Shutting down and abandoning module TargetPlatform (132)
[2017.05.13-08.50.21:496][498]LogModuleManager: Shutting down and abandoning module VulkanShaderFormat (131)
[2017.05.13-08.50.21:496][498]LogModuleManager: Shutting down and abandoning module ShaderFormatOpenGL (129)
[2017.05.13-08.50.21:496][498]LogModuleManager: Shutting down and abandoning module ShaderFormatD3D (127)
[2017.05.13-08.50.21:496][498]LogModuleManager: Shutting down and abandoning module MetalShaderFormat (125)
[2017.05.13-08.50.21:496][498]LogModuleManager: Shutting down and abandoning module TextureFormatUncompressed (123)
[2017.05.13-08.50.21:496][498]LogModuleManager: Shutting down and abandoning module TextureFormatPVR (121)
[2017.05.13-08.50.21:496][498]LogModuleManager: Shutting down and abandoning module TextureFormatDXT (119)
[2017.05.13-08.50.21:496][498]LogModuleManager: Shutting down and abandoning module TextureFormatIntelISPCTexComp (117)
[2017.05.13-08.50.21:496][498]LogModuleManager: Shutting down and abandoning module TextureFormatASTC (115)
[2017.05.13-08.50.21:496][498]LogModuleManager: Shutting down and abandoning module ImageWrapper (114)
[2017.05.13-08.50.21:496][498]LogModuleManager: Shutting down and abandoning module TextureFormatAndroid (111)
[2017.05.13-08.50.21:496][498]LogModuleManager: Shutting down and abandoning module AudioFormatOpus (109)
[2017.05.13-08.50.21:496][498]LogModuleManager: Shutting down and abandoning module AudioFormatOgg (107)
[2017.05.13-08.50.21:496][498]LogModuleManager: Shutting down and abandoning module AudioFormatADPCM (105)
[2017.05.13-08.50.21:496][498]LogModuleManager: Shutting down and abandoning module LinuxTargetPlatform (103)
[2017.05.13-08.50.21:496][498]LogModuleManager: Shutting down and abandoning module LinuxServerTargetPlatform (101)
[2017.05.13-08.50.21:496][498]LogModuleManager: Shutting down and abandoning module LinuxNoEditorTargetPlatform (99)
[2017.05.13-08.50.21:496][498]LogModuleManager: Shutting down and abandoning module LinuxClientTargetPlatform (97)
[2017.05.13-08.50.21:496][498]LogModuleManager: Shutting down and abandoning module TVOSTargetPlatform (95)
[2017.05.13-08.50.21:496][498]LogModuleManager: Shutting down and abandoning module Messaging (93)
[2017.05.13-08.50.21:496][498]LogModuleManager: Shutting down and abandoning module IOSTargetPlatform (91)
[2017.05.13-08.50.21:496][498]LogModuleManager: Shutting down and abandoning module HTML5TargetPlatform (89)
[2017.05.13-08.50.21:496][498]LogModuleManager: Shutting down and abandoning module Android_PVRTCTargetPlatform (87)
[2017.05.13-08.50.21:496][498]LogModuleManager: Shutting down and abandoning module Android_MultiTargetPlatform (85)
[2017.05.13-08.50.21:496][498]LogModuleManager: Shutting down and abandoning module Android_ETC2TargetPlatform (83)
[2017.05.13-08.50.21:496][498]LogModuleManager: Shutting down and abandoning module Android_ETC1TargetPlatform (81)
[2017.05.13-08.50.21:496][498]LogModuleManager: Shutting down and abandoning module Android_DXTTargetPlatform (79)
[2017.05.13-08.50.21:496][498]LogModuleManager: Shutting down and abandoning module Android_ATCTargetPlatform (77)
[2017.05.13-08.50.21:496][498]LogModuleManager: Shutting down and abandoning module Android_ASTCTargetPlatform (75)
[2017.05.13-08.50.21:496][498]LogModuleManager: Shutting down and abandoning module AndroidTargetPlatform (73)
[2017.05.13-08.50.21:496][498]LogModuleManager: Shutting down and abandoning module WindowsTargetPlatform (71)
[2017.05.13-08.50.21:496][498]LogModuleManager: Shutting down and abandoning module WindowsServerTargetPlatform (69)
[2017.05.13-08.50.21:496][498]LogModuleManager: Shutting down and abandoning module WindowsNoEditorTargetPlatform (67)
[2017.05.13-08.50.21:496][498]LogModuleManager: Shutting down and abandoning module WindowsClientTargetPlatform (65)
[2017.05.13-08.50.21:496][498]LogModuleManager: Shutting down and abandoning module MacTargetPlatform (63)
[2017.05.13-08.50.21:496][498]LogModuleManager: Shutting down and abandoning module MacServerTargetPlatform (61)
[2017.05.13-08.50.21:496][498]LogModuleManager: Shutting down and abandoning module MacNoEditorTargetPlatform (59)
[2017.05.13-08.50.21:496][498]LogModuleManager: Shutting down and abandoning module MacClientTargetPlatform (57)
[2017.05.13-08.50.21:496][498]LogModuleManager: Shutting down and abandoning module AllDesktopTargetPlatform (55)
[2017.05.13-08.50.21:496][498]LogModuleManager: Shutting down and abandoning module InputCore (52)
[2017.05.13-08.50.21:496][498]LogModuleManager: Shutting down and abandoning module Settings (50)
[2017.05.13-08.50.21:496][498]LogModuleManager: Shutting down and abandoning module OculusRift (48)
[2017.05.13-08.50.21:497][498]LogModuleManager: Shutting down and abandoning module GearVR (46)
[2017.05.13-08.50.21:497][498]LogModuleManager: Shutting down and abandoning module ExampleDeviceProfileSelector (44)
[2017.05.13-08.50.21:497][498]LogModuleManager: Shutting down and abandoning module OnlineBlueprintSupport (42)
[2017.05.13-08.50.21:497][498]LogModuleManager: Shutting down and abandoning module OnlineSubsystem (38)
[2017.05.13-08.50.21:497][498]LogOnline:Display: Unloading online subsystem: NULL
[2017.05.13-08.50.21:497][498]LogModuleManager: Shutting down and abandoning module XMPP (37)
[2017.05.13-08.50.21:497][498]LogModuleManager: Shutting down and abandoning module HTTP (35)
[2017.05.13-08.50.21:497][498]LogHttp:Display: Http module shutting down, but needs to wait on 1 outstanding Http requests:
[2017.05.13-08.50.21:497][498]LogHttp:Display: 	verb=[POST] url=[https://datarouter.ol.epicgames.com/datarouter/api/v1/public/data?SessionID=%7BA656757F-4B37-F7CB-3EA7-58B2995599B6%7D&AppID=UEEditor.Rocket.Release&AppVersion=4.15.2-3416026%2B%2B%2BUE4%2BRelease-4.15&UserID=e022ffab47b0b03bf16ab0a8e0635c00%7C599a8e8a58c448e59467fb0d663836ef%7C548efb90-7303-418e-950e-33a18f2016a3&AppEnvironment=datacollector-binary&UploadType=eteventstream] status=Processing
[2017.05.13-08.50.21:530][498]LogModuleManager: Shutting down and abandoning module SSL (34)
[2017.05.13-08.50.21:531][498]LogModuleManager: Shutting down and abandoning module AudioEditor (30)
[2017.05.13-08.50.21:531][498]LogModuleManager: Shutting down and abandoning module TextureCompressor (28)
[2017.05.13-08.50.21:531][498]LogModuleManager: Shutting down and abandoning module ShaderCore (26)
[2017.05.13-08.50.21:531][498]LogModuleManager: Shutting down and abandoning module Landscape (24)
[2017.05.13-08.50.21:531][498]LogModuleManager: Shutting down and abandoning module SlateRHIRenderer (22)
[2017.05.13-08.50.21:533][498]LogModuleManager: Shutting down and abandoning module OpenGLDrv (20)
[2017.05.13-08.50.21:533][498]LogModuleManager: Shutting down and abandoning module D3D11RHI (18)
[2017.05.13-08.50.21:533][498]LogModuleManager: Shutting down and abandoning module AnimGraphRuntime (16)
[2017.05.13-08.50.21:533][498]LogModuleManager: Shutting down and abandoning module Renderer (14)
[2017.05.13-08.50.21:533][498]LogModuleManager: Shutting down and abandoning module Engine (12)
[2017.05.13-08.50.21:533][498]LogModuleManager: Shutting down and abandoning module CoreUObject (10)
[2017.05.13-08.50.21:533][498]LogModuleManager: Shutting down and abandoning module NetworkFile (8)
[2017.05.13-08.50.21:533][498]LogModuleManager: Shutting down and abandoning module StreamingFile (6)
[2017.05.13-08.50.21:533][498]LogModuleManager: Shutting down and abandoning module SandboxFile (4)
[2017.05.13-08.50.21:533][498]LogModuleManager: Shutting down and abandoning module PakFile (2)
[2017.05.13-08.50.21:535][498]LogExit: Exiting.
[2017.05.13-08.50.21:536][498]Log file closed, 05/13/17 11:50:21
